{"/home/user/GroveEngine/packages/engine/src/lib/groveauth/client.ts": {"path":"/home/user/GroveEngine/packages/engine/src/lib/groveauth/client.ts","statementMap":{"0":{"start":{"line":20,"column":25},"end":{"line":20,"column":null}},"1":{"start":{"line":31,"column":4},"end":{"line":31,"column":null}},"2":{"start":{"line":32,"column":23},"end":{"line":32,"column":null}},"3":{"start":{"line":33,"column":2},"end":{"line":33,"column":null}},"4":{"start":{"line":34,"column":2},"end":{"line":37,"column":null}},"5":{"start":{"line":36,"column":14},"end":{"line":36,"column":null}},"6":{"start":{"line":44,"column":2},"end":{"line":44,"column":null}},"7":{"start":{"line":51,"column":18},"end":{"line":51,"column":null}},"8":{"start":{"line":52,"column":15},"end":{"line":52,"column":null}},"9":{"start":{"line":53,"column":15},"end":{"line":53,"column":null}},"10":{"start":{"line":54,"column":17},"end":{"line":54,"column":null}},"11":{"start":{"line":56,"column":2},"end":{"line":56,"column":null}},"12":{"start":{"line":63,"column":2},"end":{"line":63,"column":null}},"13":{"start":{"line":77,"column":24},"end":{"line":77,"column":null}},"14":{"start":{"line":80,"column":2},"end":{"line":82,"column":null}},"15":{"start":{"line":81,"column":4},"end":{"line":81,"column":null}},"16":{"start":{"line":83,"column":2},"end":{"line":89,"column":null}},"17":{"start":{"line":84,"column":4},"end":{"line":88,"column":null}},"18":{"start":{"line":104,"column":30},"end":{"line":107,"column":null}},"19":{"start":{"line":115,"column":33},"end":{"line":118,"column":null}},"20":{"start":{"line":121,"column":4},"end":{"line":124,"column":null}},"21":{"start":{"line":126,"column":4},"end":{"line":126,"column":null}},"22":{"start":{"line":133,"column":4},"end":{"line":142,"column":null}},"23":{"start":{"line":135,"column":6},"end":{"line":139,"column":null}},"24":{"start":{"line":136,"column":8},"end":{"line":138,"column":null}},"25":{"start":{"line":137,"column":10},"end":{"line":137,"column":null}},"26":{"start":{"line":141,"column":6},"end":{"line":141,"column":null}},"27":{"start":{"line":152,"column":16},"end":{"line":152,"column":null}},"28":{"start":{"line":153,"column":18},"end":{"line":153,"column":null}},"29":{"start":{"line":155,"column":4},"end":{"line":160,"column":null}},"30":{"start":{"line":156,"column":6},"end":{"line":159,"column":null}},"31":{"start":{"line":157,"column":8},"end":{"line":157,"column":null}},"32":{"start":{"line":158,"column":8},"end":{"line":158,"column":null}},"33":{"start":{"line":162,"column":4},"end":{"line":162,"column":null}},"34":{"start":{"line":172,"column":51},"end":{"line":172,"column":null}},"35":{"start":{"line":175,"column":4},"end":{"line":199,"column":null}},"36":{"start":{"line":175,"column":23},"end":{"line":175,"column":26}},"37":{"start":{"line":176,"column":6},"end":{"line":198,"column":null}},"38":{"start":{"line":177,"column":8},"end":{"line":177,"column":null}},"39":{"start":{"line":179,"column":8},"end":{"line":179,"column":null}},"40":{"start":{"line":182,"column":8},"end":{"line":188,"column":null}},"41":{"start":{"line":187,"column":10},"end":{"line":187,"column":null}},"42":{"start":{"line":191,"column":8},"end":{"line":193,"column":null}},"43":{"start":{"line":192,"column":10},"end":{"line":192,"column":null}},"44":{"start":{"line":196,"column":22},"end":{"line":196,"column":null}},"45":{"start":{"line":197,"column":8},"end":{"line":197,"column":null}},"46":{"start":{"line":197,"column":39},"end":{"line":197,"column":65}},"47":{"start":{"line":201,"column":4},"end":{"line":201,"column":null}},"48":{"start":{"line":213,"column":18},"end":{"line":213,"column":null}},"49":{"start":{"line":214,"column":25},"end":{"line":214,"column":null}},"50":{"start":{"line":215,"column":26},"end":{"line":215,"column":null}},"51":{"start":{"line":217,"column":19},"end":{"line":223,"column":null}},"52":{"start":{"line":225,"column":4},"end":{"line":229,"column":null}},"53":{"start":{"line":239,"column":21},"end":{"line":252,"column":null}},"54":{"start":{"line":254,"column":17},"end":{"line":254,"column":null}},"55":{"start":{"line":256,"column":4},"end":{"line":262,"column":null}},"56":{"start":{"line":257,"column":6},"end":{"line":261,"column":null}},"57":{"start":{"line":264,"column":4},"end":{"line":264,"column":null}},"58":{"start":{"line":280,"column":4},"end":{"line":311,"column":null}},"59":{"start":{"line":282,"column":25},"end":{"line":296,"column":null}},"60":{"start":{"line":298,"column":21},"end":{"line":298,"column":null}},"61":{"start":{"line":300,"column":8},"end":{"line":306,"column":null}},"62":{"start":{"line":301,"column":10},"end":{"line":305,"column":null}},"63":{"start":{"line":308,"column":8},"end":{"line":308,"column":null}},"64":{"start":{"line":322,"column":24},"end":{"line":322,"column":null}},"65":{"start":{"line":323,"column":23},"end":{"line":323,"column":null}},"66":{"start":{"line":324,"column":4},"end":{"line":324,"column":null}},"67":{"start":{"line":331,"column":21},"end":{"line":342,"column":null}},"68":{"start":{"line":344,"column":4},"end":{"line":351,"column":null}},"69":{"start":{"line":345,"column":19},"end":{"line":345,"column":null}},"70":{"start":{"line":346,"column":6},"end":{"line":350,"column":null}},"71":{"start":{"line":362,"column":21},"end":{"line":366,"column":null}},"72":{"start":{"line":368,"column":18},"end":{"line":368,"column":null}},"73":{"start":{"line":370,"column":4},"end":{"line":372,"column":null}},"74":{"start":{"line":371,"column":6},"end":{"line":371,"column":null}},"75":{"start":{"line":374,"column":4},"end":{"line":374,"column":null}},"76":{"start":{"line":381,"column":21},"end":{"line":385,"column":null}},"77":{"start":{"line":387,"column":4},"end":{"line":394,"column":null}},"78":{"start":{"line":388,"column":19},"end":{"line":388,"column":null}},"79":{"start":{"line":389,"column":6},"end":{"line":393,"column":null}},"80":{"start":{"line":396,"column":4},"end":{"line":396,"column":null}},"81":{"start":{"line":407,"column":21},"end":{"line":411,"column":null}},"82":{"start":{"line":413,"column":4},"end":{"line":420,"column":null}},"83":{"start":{"line":414,"column":19},"end":{"line":414,"column":null}},"84":{"start":{"line":415,"column":6},"end":{"line":419,"column":null}},"85":{"start":{"line":422,"column":4},"end":{"line":422,"column":null}},"86":{"start":{"line":442,"column":4},"end":{"line":442,"column":null}},"87":{"start":{"line":444,"column":21},"end":{"line":444,"column":null}},"88":{"start":{"line":447,"column":4},"end":{"line":458,"column":null}},"89":{"start":{"line":448,"column":21},"end":{"line":448,"column":null}},"90":{"start":{"line":449,"column":6},"end":{"line":451,"column":null}},"91":{"start":{"line":450,"column":8},"end":{"line":450,"column":null}},"92":{"start":{"line":454,"column":23},"end":{"line":454,"column":null}},"93":{"start":{"line":455,"column":6},"end":{"line":457,"column":null}},"94":{"start":{"line":456,"column":8},"end":{"line":456,"column":null}},"95":{"start":{"line":461,"column":25},"end":{"line":465,"column":null}},"96":{"start":{"line":468,"column":4},"end":{"line":468,"column":null}},"97":{"start":{"line":470,"column":4},"end":{"line":475,"column":null}},"98":{"start":{"line":471,"column":6},"end":{"line":471,"column":null}},"99":{"start":{"line":474,"column":6},"end":{"line":474,"column":null}},"100":{"start":{"line":486,"column":21},"end":{"line":493,"column":null}},"101":{"start":{"line":495,"column":4},"end":{"line":502,"column":null}},"102":{"start":{"line":496,"column":19},"end":{"line":496,"column":null}},"103":{"start":{"line":497,"column":6},"end":{"line":501,"column":null}},"104":{"start":{"line":504,"column":18},"end":{"line":504,"column":null}},"105":{"start":{"line":507,"column":4},"end":{"line":510,"column":null}},"106":{"start":{"line":512,"column":4},"end":{"line":512,"column":null}},"107":{"start":{"line":522,"column":4},"end":{"line":522,"column":null}},"108":{"start":{"line":523,"column":21},"end":{"line":530,"column":null}},"109":{"start":{"line":532,"column":4},"end":{"line":539,"column":null}},"110":{"start":{"line":533,"column":19},"end":{"line":533,"column":null}},"111":{"start":{"line":534,"column":6},"end":{"line":538,"column":null}},"112":{"start":{"line":541,"column":4},"end":{"line":541,"column":null}},"113":{"start":{"line":552,"column":4},"end":{"line":552,"column":null}},"114":{"start":{"line":553,"column":21},"end":{"line":563,"column":null}},"115":{"start":{"line":565,"column":4},"end":{"line":572,"column":null}},"116":{"start":{"line":566,"column":19},"end":{"line":566,"column":null}},"117":{"start":{"line":567,"column":6},"end":{"line":571,"column":null}},"118":{"start":{"line":574,"column":18},"end":{"line":574,"column":null}},"119":{"start":{"line":577,"column":4},"end":{"line":580,"column":null}},"120":{"start":{"line":582,"column":4},"end":{"line":582,"column":null}},"121":{"start":{"line":593,"column":4},"end":{"line":593,"column":null}},"122":{"start":{"line":594,"column":21},"end":{"line":604,"column":null}},"123":{"start":{"line":606,"column":4},"end":{"line":613,"column":null}},"124":{"start":{"line":607,"column":19},"end":{"line":607,"column":null}},"125":{"start":{"line":608,"column":6},"end":{"line":612,"column":null}},"126":{"start":{"line":615,"column":18},"end":{"line":615,"column":null}},"127":{"start":{"line":618,"column":4},"end":{"line":621,"column":null}},"128":{"start":{"line":623,"column":4},"end":{"line":623,"column":null}},"129":{"start":{"line":635,"column":4},"end":{"line":635,"column":null}},"130":{"start":{"line":636,"column":21},"end":{"line":646,"column":null}},"131":{"start":{"line":648,"column":4},"end":{"line":655,"column":null}},"132":{"start":{"line":649,"column":19},"end":{"line":649,"column":null}},"133":{"start":{"line":650,"column":6},"end":{"line":654,"column":null}},"134":{"start":{"line":657,"column":18},"end":{"line":657,"column":null}},"135":{"start":{"line":660,"column":4},"end":{"line":663,"column":null}},"136":{"start":{"line":665,"column":4},"end":{"line":665,"column":null}},"137":{"start":{"line":677,"column":4},"end":{"line":677,"column":null}},"138":{"start":{"line":678,"column":21},"end":{"line":688,"column":null}},"139":{"start":{"line":690,"column":4},"end":{"line":697,"column":null}},"140":{"start":{"line":691,"column":19},"end":{"line":691,"column":null}},"141":{"start":{"line":692,"column":6},"end":{"line":696,"column":null}},"142":{"start":{"line":699,"column":18},"end":{"line":699,"column":null}},"143":{"start":{"line":702,"column":4},"end":{"line":705,"column":null}},"144":{"start":{"line":707,"column":4},"end":{"line":707,"column":null}},"145":{"start":{"line":721,"column":2},"end":{"line":721,"column":null}}},"fnMap":{"0":{"name":"generateRandomString","decl":{"start":{"line":29,"column":9},"end":{"line":29,"column":30}},"loc":{"start":{"line":29,"column":54},"end":{"line":38,"column":null}},"line":29},"1":{"name":"(anonymous_1)","decl":{"start":{"line":36,"column":4},"end":{"line":36,"column":5}},"loc":{"start":{"line":36,"column":14},"end":{"line":36,"column":null}},"line":36},"2":{"name":"generateCodeVerifier","decl":{"start":{"line":43,"column":16},"end":{"line":43,"column":47}},"loc":{"start":{"line":43,"column":47},"end":{"line":45,"column":null}},"line":43},"3":{"name":"generateCodeChallenge","decl":{"start":{"line":50,"column":22},"end":{"line":50,"column":44}},"loc":{"start":{"line":50,"column":79},"end":{"line":57,"column":null}},"line":50},"4":{"name":"generateState","decl":{"start":{"line":62,"column":16},"end":{"line":62,"column":40}},"loc":{"start":{"line":62,"column":40},"end":{"line":64,"column":null}},"line":62},"5":{"name":"validateUserId","decl":{"start":{"line":79,"column":9},"end":{"line":79,"column":24}},"loc":{"start":{"line":79,"column":46},"end":{"line":90,"column":null}},"line":79},"6":{"name":"(anonymous_6)","decl":{"start":{"line":120,"column":2},"end":{"line":120,"column":14}},"loc":{"start":{"line":120,"column":63},"end":{"line":127,"column":null}},"line":120},"7":{"name":"(anonymous_7)","decl":{"start":{"line":132,"column":2},"end":{"line":132,"column":25}},"loc":{"start":{"line":132,"column":48},"end":{"line":143,"column":null}},"line":132},"8":{"name":"(anonymous_8)","decl":{"start":{"line":151,"column":2},"end":{"line":151,"column":32}},"loc":{"start":{"line":151,"column":32},"end":{"line":163,"column":null}},"line":151},"9":{"name":"(anonymous_9)","decl":{"start":{"line":168,"column":16},"end":{"line":168,"column":null}},"loc":{"start":{"line":171,"column":16},"end":{"line":202,"column":null}},"line":171},"10":{"name":"(anonymous_10)","decl":{"start":{"line":197,"column":26},"end":{"line":197,"column":27}},"loc":{"start":{"line":197,"column":39},"end":{"line":197,"column":65}},"line":197},"11":{"name":"(anonymous_11)","decl":{"start":{"line":212,"column":8},"end":{"line":212,"column":47}},"loc":{"start":{"line":212,"column":47},"end":{"line":230,"column":null}},"line":212},"12":{"name":"(anonymous_12)","decl":{"start":{"line":235,"column":8},"end":{"line":235,"column":null}},"loc":{"start":{"line":238,"column":28},"end":{"line":265,"column":null}},"line":238},"13":{"name":"(anonymous_13)","decl":{"start":{"line":276,"column":8},"end":{"line":276,"column":null}},"loc":{"start":{"line":279,"column":28},"end":{"line":312,"column":null}},"line":279},"14":{"name":"(anonymous_14)","decl":{"start":{"line":281,"column":6},"end":{"line":281,"column":18}},"loc":{"start":{"line":281,"column":18},"end":{"line":309,"column":null}},"line":281},"15":{"name":"(anonymous_15)","decl":{"start":{"line":321,"column":2},"end":{"line":321,"column":22}},"loc":{"start":{"line":321,"column":77},"end":{"line":325,"column":null}},"line":321},"16":{"name":"(anonymous_16)","decl":{"start":{"line":330,"column":8},"end":{"line":330,"column":20}},"loc":{"start":{"line":330,"column":57},"end":{"line":352,"column":null}},"line":330},"17":{"name":"(anonymous_17)","decl":{"start":{"line":361,"column":8},"end":{"line":361,"column":20}},"loc":{"start":{"line":361,"column":68},"end":{"line":375,"column":null}},"line":361},"18":{"name":"(anonymous_18)","decl":{"start":{"line":380,"column":8},"end":{"line":380,"column":20}},"loc":{"start":{"line":380,"column":60},"end":{"line":397,"column":null}},"line":380},"19":{"name":"(anonymous_19)","decl":{"start":{"line":406,"column":8},"end":{"line":406,"column":24}},"loc":{"start":{"line":406,"column":76},"end":{"line":423,"column":null}},"line":406},"20":{"name":"(anonymous_20)","decl":{"start":{"line":437,"column":8},"end":{"line":437,"column":null}},"loc":{"start":{"line":441,"column":35},"end":{"line":476,"column":null}},"line":441},"21":{"name":"(anonymous_21)","decl":{"start":{"line":481,"column":16},"end":{"line":481,"column":null}},"loc":{"start":{"line":485,"column":35},"end":{"line":513,"column":null}},"line":485},"22":{"name":"(anonymous_22)","decl":{"start":{"line":518,"column":8},"end":{"line":518,"column":null}},"loc":{"start":{"line":521,"column":30},"end":{"line":542,"column":null}},"line":521},"23":{"name":"(anonymous_23)","decl":{"start":{"line":548,"column":8},"end":{"line":548,"column":null}},"loc":{"start":{"line":551,"column":35},"end":{"line":583,"column":null}},"line":551},"24":{"name":"(anonymous_24)","decl":{"start":{"line":589,"column":8},"end":{"line":589,"column":null}},"loc":{"start":{"line":592,"column":35},"end":{"line":624,"column":null}},"line":592},"25":{"name":"(anonymous_25)","decl":{"start":{"line":630,"column":8},"end":{"line":630,"column":null}},"loc":{"start":{"line":634,"column":35},"end":{"line":666,"column":null}},"line":634},"26":{"name":"(anonymous_26)","decl":{"start":{"line":672,"column":8},"end":{"line":672,"column":null}},"loc":{"start":{"line":676,"column":35},"end":{"line":708,"column":null}},"line":676},"27":{"name":"createGroveAuthClient","decl":{"start":{"line":718,"column":16},"end":{"line":718,"column":null}},"loc":{"start":{"line":720,"column":19},"end":{"line":722,"column":null}},"line":720}},"branchMap":{"0":{"loc":{"start":{"line":80,"column":2},"end":{"line":82,"column":null}},"type":"if","locations":[{"start":{"line":80,"column":2},"end":{"line":82,"column":null}},{"start":{},"end":{}}],"line":80},"1":{"loc":{"start":{"line":80,"column":6},"end":{"line":80,"column":45}},"type":"binary-expr","locations":[{"start":{"line":80,"column":6},"end":{"line":80,"column":17}},{"start":{"line":80,"column":17},"end":{"line":80,"column":45}}],"line":80},"2":{"loc":{"start":{"line":83,"column":2},"end":{"line":89,"column":null}},"type":"if","locations":[{"start":{"line":83,"column":2},"end":{"line":89,"column":null}},{"start":{},"end":{}}],"line":83},"3":{"loc":{"start":{"line":123,"column":19},"end":{"line":123,"column":null}},"type":"binary-expr","locations":[{"start":{"line":123,"column":19},"end":{"line":123,"column":41}},{"start":{"line":123,"column":41},"end":{"line":123,"column":null}}],"line":123},"4":{"loc":{"start":{"line":126,"column":20},"end":{"line":126,"column":null}},"type":"binary-expr","locations":[{"start":{"line":126,"column":20},"end":{"line":126,"column":39}},{"start":{"line":126,"column":39},"end":{"line":126,"column":null}}],"line":126},"5":{"loc":{"start":{"line":133,"column":4},"end":{"line":142,"column":null}},"type":"if","locations":[{"start":{"line":133,"column":4},"end":{"line":142,"column":null}},{"start":{"line":140,"column":11},"end":{"line":142,"column":null}}],"line":133},"6":{"loc":{"start":{"line":136,"column":8},"end":{"line":138,"column":null}},"type":"if","locations":[{"start":{"line":136,"column":8},"end":{"line":138,"column":null}},{"start":{},"end":{}}],"line":136},"7":{"loc":{"start":{"line":156,"column":6},"end":{"line":159,"column":null}},"type":"if","locations":[{"start":{"line":156,"column":6},"end":{"line":159,"column":null}},{"start":{},"end":{}}],"line":156},"8":{"loc":{"start":{"line":170,"column":4},"end":{"line":170,"column":null}},"type":"default-arg","locations":[{"start":{"line":170,"column":61},"end":{"line":170,"column":null}}],"line":170},"9":{"loc":{"start":{"line":172,"column":12},"end":{"line":172,"column":28}},"type":"default-arg","locations":[{"start":{"line":172,"column":25},"end":{"line":172,"column":28}}],"line":172},"10":{"loc":{"start":{"line":172,"column":28},"end":{"line":172,"column":47}},"type":"default-arg","locations":[{"start":{"line":172,"column":42},"end":{"line":172,"column":47}}],"line":172},"11":{"loc":{"start":{"line":179,"column":20},"end":{"line":179,"column":null}},"type":"cond-expr","locations":[{"start":{"line":179,"column":45},"end":{"line":179,"column":53}},{"start":{"line":179,"column":53},"end":{"line":179,"column":null}}],"line":179},"12":{"loc":{"start":{"line":182,"column":8},"end":{"line":188,"column":null}},"type":"if","locations":[{"start":{"line":182,"column":8},"end":{"line":188,"column":null}},{"start":{},"end":{}}],"line":182},"13":{"loc":{"start":{"line":183,"column":10},"end":{"line":185,"column":null}},"type":"binary-expr","locations":[{"start":{"line":183,"column":10},"end":{"line":183,"column":null}},{"start":{"line":184,"column":10},"end":{"line":184,"column":null}},{"start":{"line":185,"column":10},"end":{"line":185,"column":null}}],"line":183},"14":{"loc":{"start":{"line":191,"column":8},"end":{"line":193,"column":null}},"type":"if","locations":[{"start":{"line":191,"column":8},"end":{"line":193,"column":null}},{"start":{},"end":{}}],"line":191},"15":{"loc":{"start":{"line":201,"column":10},"end":{"line":201,"column":null}},"type":"binary-expr","locations":[{"start":{"line":201,"column":10},"end":{"line":201,"column":23}},{"start":{"line":201,"column":23},"end":{"line":201,"column":null}}],"line":201},"16":{"loc":{"start":{"line":256,"column":4},"end":{"line":262,"column":null}},"type":"if","locations":[{"start":{"line":256,"column":4},"end":{"line":262,"column":null}},{"start":{},"end":{}}],"line":256},"17":{"loc":{"start":{"line":258,"column":8},"end":{"line":258,"column":null}},"type":"binary-expr","locations":[{"start":{"line":258,"column":8},"end":{"line":258,"column":22}},{"start":{"line":258,"column":22},"end":{"line":258,"column":null}}],"line":258},"18":{"loc":{"start":{"line":259,"column":8},"end":{"line":259,"column":null}},"type":"binary-expr","locations":[{"start":{"line":259,"column":8},"end":{"line":259,"column":34}},{"start":{"line":259,"column":34},"end":{"line":259,"column":50}},{"start":{"line":259,"column":50},"end":{"line":259,"column":null}}],"line":259},"19":{"loc":{"start":{"line":278,"column":4},"end":{"line":278,"column":null}},"type":"default-arg","locations":[{"start":{"line":278,"column":39},"end":{"line":278,"column":null}}],"line":278},"20":{"loc":{"start":{"line":300,"column":8},"end":{"line":306,"column":null}},"type":"if","locations":[{"start":{"line":300,"column":8},"end":{"line":306,"column":null}},{"start":{},"end":{}}],"line":300},"21":{"loc":{"start":{"line":302,"column":12},"end":{"line":302,"column":null}},"type":"binary-expr","locations":[{"start":{"line":302,"column":12},"end":{"line":302,"column":26}},{"start":{"line":302,"column":26},"end":{"line":302,"column":null}}],"line":302},"22":{"loc":{"start":{"line":303,"column":12},"end":{"line":303,"column":null}},"type":"binary-expr","locations":[{"start":{"line":303,"column":12},"end":{"line":303,"column":38}},{"start":{"line":303,"column":38},"end":{"line":303,"column":54}},{"start":{"line":303,"column":54},"end":{"line":303,"column":null}}],"line":303},"23":{"loc":{"start":{"line":310,"column":20},"end":{"line":310,"column":44}},"type":"binary-expr","locations":[{"start":{"line":310,"column":20},"end":{"line":310,"column":42}},{"start":{"line":310,"column":42},"end":{"line":310,"column":44}}],"line":310},"24":{"loc":{"start":{"line":321,"column":48},"end":{"line":321,"column":77}},"type":"default-arg","locations":[{"start":{"line":321,"column":64},"end":{"line":321,"column":77}}],"line":321},"25":{"loc":{"start":{"line":344,"column":4},"end":{"line":351,"column":null}},"type":"if","locations":[{"start":{"line":344,"column":4},"end":{"line":351,"column":null}},{"start":{},"end":{}}],"line":344},"26":{"loc":{"start":{"line":347,"column":8},"end":{"line":347,"column":null}},"type":"binary-expr","locations":[{"start":{"line":347,"column":8},"end":{"line":347,"column":22}},{"start":{"line":347,"column":22},"end":{"line":347,"column":null}}],"line":347},"27":{"loc":{"start":{"line":348,"column":8},"end":{"line":348,"column":null}},"type":"binary-expr","locations":[{"start":{"line":348,"column":8},"end":{"line":348,"column":34}},{"start":{"line":348,"column":34},"end":{"line":348,"column":50}},{"start":{"line":348,"column":50},"end":{"line":348,"column":null}}],"line":348},"28":{"loc":{"start":{"line":370,"column":4},"end":{"line":372,"column":null}},"type":"if","locations":[{"start":{"line":370,"column":4},"end":{"line":372,"column":null}},{"start":{},"end":{}}],"line":370},"29":{"loc":{"start":{"line":387,"column":4},"end":{"line":394,"column":null}},"type":"if","locations":[{"start":{"line":387,"column":4},"end":{"line":394,"column":null}},{"start":{},"end":{}}],"line":387},"30":{"loc":{"start":{"line":390,"column":8},"end":{"line":390,"column":null}},"type":"binary-expr","locations":[{"start":{"line":390,"column":8},"end":{"line":390,"column":22}},{"start":{"line":390,"column":22},"end":{"line":390,"column":null}}],"line":390},"31":{"loc":{"start":{"line":391,"column":8},"end":{"line":391,"column":null}},"type":"binary-expr","locations":[{"start":{"line":391,"column":8},"end":{"line":391,"column":34}},{"start":{"line":391,"column":34},"end":{"line":391,"column":50}},{"start":{"line":391,"column":50},"end":{"line":391,"column":null}}],"line":391},"32":{"loc":{"start":{"line":413,"column":4},"end":{"line":420,"column":null}},"type":"if","locations":[{"start":{"line":413,"column":4},"end":{"line":420,"column":null}},{"start":{},"end":{}}],"line":413},"33":{"loc":{"start":{"line":416,"column":8},"end":{"line":416,"column":null}},"type":"binary-expr","locations":[{"start":{"line":416,"column":8},"end":{"line":416,"column":22}},{"start":{"line":416,"column":22},"end":{"line":416,"column":null}}],"line":416},"34":{"loc":{"start":{"line":417,"column":8},"end":{"line":417,"column":null}},"type":"binary-expr","locations":[{"start":{"line":417,"column":8},"end":{"line":417,"column":24}},{"start":{"line":417,"column":24},"end":{"line":417,"column":null}}],"line":417},"35":{"loc":{"start":{"line":440,"column":4},"end":{"line":440,"column":null}},"type":"default-arg","locations":[{"start":{"line":440,"column":16},"end":{"line":440,"column":null}}],"line":440},"36":{"loc":{"start":{"line":447,"column":4},"end":{"line":458,"column":null}},"type":"if","locations":[{"start":{"line":447,"column":4},"end":{"line":458,"column":null}},{"start":{},"end":{}}],"line":447},"37":{"loc":{"start":{"line":449,"column":6},"end":{"line":451,"column":null}},"type":"if","locations":[{"start":{"line":449,"column":6},"end":{"line":451,"column":null}},{"start":{},"end":{}}],"line":449},"38":{"loc":{"start":{"line":449,"column":10},"end":{"line":449,"column":49}},"type":"binary-expr","locations":[{"start":{"line":449,"column":10},"end":{"line":449,"column":20}},{"start":{"line":449,"column":20},"end":{"line":449,"column":49}}],"line":449},"39":{"loc":{"start":{"line":455,"column":6},"end":{"line":457,"column":null}},"type":"if","locations":[{"start":{"line":455,"column":6},"end":{"line":457,"column":null}},{"start":{},"end":{}}],"line":455},"40":{"loc":{"start":{"line":495,"column":4},"end":{"line":502,"column":null}},"type":"if","locations":[{"start":{"line":495,"column":4},"end":{"line":502,"column":null}},{"start":{},"end":{}}],"line":495},"41":{"loc":{"start":{"line":498,"column":8},"end":{"line":498,"column":null}},"type":"binary-expr","locations":[{"start":{"line":498,"column":8},"end":{"line":498,"column":22}},{"start":{"line":498,"column":22},"end":{"line":498,"column":null}}],"line":498},"42":{"loc":{"start":{"line":499,"column":8},"end":{"line":499,"column":null}},"type":"binary-expr","locations":[{"start":{"line":499,"column":8},"end":{"line":499,"column":24}},{"start":{"line":499,"column":24},"end":{"line":499,"column":null}}],"line":499},"43":{"loc":{"start":{"line":532,"column":4},"end":{"line":539,"column":null}},"type":"if","locations":[{"start":{"line":532,"column":4},"end":{"line":539,"column":null}},{"start":{},"end":{}}],"line":532},"44":{"loc":{"start":{"line":535,"column":8},"end":{"line":535,"column":null}},"type":"binary-expr","locations":[{"start":{"line":535,"column":8},"end":{"line":535,"column":22}},{"start":{"line":535,"column":22},"end":{"line":535,"column":null}}],"line":535},"45":{"loc":{"start":{"line":536,"column":8},"end":{"line":536,"column":null}},"type":"binary-expr","locations":[{"start":{"line":536,"column":8},"end":{"line":536,"column":24}},{"start":{"line":536,"column":24},"end":{"line":536,"column":null}}],"line":536},"46":{"loc":{"start":{"line":565,"column":4},"end":{"line":572,"column":null}},"type":"if","locations":[{"start":{"line":565,"column":4},"end":{"line":572,"column":null}},{"start":{},"end":{}}],"line":565},"47":{"loc":{"start":{"line":568,"column":8},"end":{"line":568,"column":null}},"type":"binary-expr","locations":[{"start":{"line":568,"column":8},"end":{"line":568,"column":22}},{"start":{"line":568,"column":22},"end":{"line":568,"column":null}}],"line":568},"48":{"loc":{"start":{"line":569,"column":8},"end":{"line":569,"column":null}},"type":"binary-expr","locations":[{"start":{"line":569,"column":8},"end":{"line":569,"column":24}},{"start":{"line":569,"column":24},"end":{"line":569,"column":null}}],"line":569},"49":{"loc":{"start":{"line":606,"column":4},"end":{"line":613,"column":null}},"type":"if","locations":[{"start":{"line":606,"column":4},"end":{"line":613,"column":null}},{"start":{},"end":{}}],"line":606},"50":{"loc":{"start":{"line":609,"column":8},"end":{"line":609,"column":null}},"type":"binary-expr","locations":[{"start":{"line":609,"column":8},"end":{"line":609,"column":22}},{"start":{"line":609,"column":22},"end":{"line":609,"column":null}}],"line":609},"51":{"loc":{"start":{"line":610,"column":8},"end":{"line":610,"column":null}},"type":"binary-expr","locations":[{"start":{"line":610,"column":8},"end":{"line":610,"column":24}},{"start":{"line":610,"column":24},"end":{"line":610,"column":null}}],"line":610},"52":{"loc":{"start":{"line":648,"column":4},"end":{"line":655,"column":null}},"type":"if","locations":[{"start":{"line":648,"column":4},"end":{"line":655,"column":null}},{"start":{},"end":{}}],"line":648},"53":{"loc":{"start":{"line":651,"column":8},"end":{"line":651,"column":null}},"type":"binary-expr","locations":[{"start":{"line":651,"column":8},"end":{"line":651,"column":22}},{"start":{"line":651,"column":22},"end":{"line":651,"column":null}}],"line":651},"54":{"loc":{"start":{"line":652,"column":8},"end":{"line":652,"column":null}},"type":"binary-expr","locations":[{"start":{"line":652,"column":8},"end":{"line":652,"column":24}},{"start":{"line":652,"column":24},"end":{"line":652,"column":null}}],"line":652},"55":{"loc":{"start":{"line":690,"column":4},"end":{"line":697,"column":null}},"type":"if","locations":[{"start":{"line":690,"column":4},"end":{"line":697,"column":null}},{"start":{},"end":{}}],"line":690},"56":{"loc":{"start":{"line":693,"column":8},"end":{"line":693,"column":null}},"type":"binary-expr","locations":[{"start":{"line":693,"column":8},"end":{"line":693,"column":22}},{"start":{"line":693,"column":22},"end":{"line":693,"column":null}}],"line":693},"57":{"loc":{"start":{"line":694,"column":8},"end":{"line":694,"column":null}},"type":"binary-expr","locations":[{"start":{"line":694,"column":8},"end":{"line":694,"column":24}},{"start":{"line":694,"column":24},"end":{"line":694,"column":null}}],"line":694}},"s":{"0":1,"1":16,"2":16,"3":16,"4":16,"5":1024,"6":16,"7":9,"8":9,"9":9,"10":9,"11":9,"12":15,"13":1,"14":28,"15":1,"16":27,"17":2,"18":40,"19":40,"20":40,"21":40,"22":2,"23":1,"24":2,"25":1,"26":1,"27":2,"28":2,"29":2,"30":2,"31":1,"32":1,"33":2,"34":3,"35":3,"36":3,"37":4,"38":4,"39":2,"40":2,"41":1,"42":1,"43":0,"44":1,"45":1,"46":1,"47":1,"48":4,"49":4,"50":4,"51":4,"52":4,"53":2,"54":2,"55":2,"56":1,"57":1,"58":3,"59":4,"60":4,"61":4,"62":2,"63":2,"64":3,"65":3,"66":3,"67":2,"68":2,"69":1,"70":1,"71":2,"72":2,"73":2,"74":1,"75":1,"76":2,"77":2,"78":1,"79":1,"80":1,"81":2,"82":2,"83":1,"84":1,"85":1,"86":20,"87":20,"88":20,"89":17,"90":17,"91":3,"92":14,"93":14,"94":0,"95":15,"96":15,"97":15,"98":15,"99":15,"100":15,"101":15,"102":0,"103":0,"104":15,"105":15,"106":15,"107":2,"108":2,"109":1,"110":0,"111":0,"112":1,"113":2,"114":2,"115":2,"116":0,"117":0,"118":2,"119":2,"120":2,"121":1,"122":1,"123":1,"124":0,"125":0,"126":1,"127":1,"128":1,"129":1,"130":1,"131":1,"132":0,"133":0,"134":1,"135":1,"136":1,"137":2,"138":2,"139":2,"140":0,"141":0,"142":2,"143":2,"144":2,"145":1},"f":{"0":16,"1":1024,"2":16,"3":9,"4":15,"5":28,"6":40,"7":2,"8":2,"9":3,"10":1,"11":4,"12":2,"13":3,"14":4,"15":3,"16":2,"17":2,"18":2,"19":2,"20":20,"21":15,"22":2,"23":2,"24":1,"25":1,"26":2,"27":1},"b":{"0":[1,27],"1":[28,27],"2":[2,25],"3":[40,39],"4":[40,39],"5":[1,1],"6":[1,1],"7":[1,1],"8":[3],"9":[3],"10":[3],"11":[2,0],"12":[1,1],"13":[2,2,2],"14":[0,1],"15":[1,0],"16":[1,1],"17":[1,0],"18":[1,0,0],"19":[3],"20":[2,2],"21":[2,0],"22":[2,2,2],"23":[3,2],"24":[3],"25":[1,1],"26":[1,0],"27":[1,1,1],"28":[1,1],"29":[1,1],"30":[1,0],"31":[1,1,1],"32":[1,1],"33":[1,0],"34":[1,1],"35":[20],"36":[17,3],"37":[3,14],"38":[17,3],"39":[0,14],"40":[0,15],"41":[0,0],"42":[0,0],"43":[0,1],"44":[0,0],"45":[0,0],"46":[0,2],"47":[0,0],"48":[0,0],"49":[0,1],"50":[0,0],"51":[0,0],"52":[0,1],"53":[0,0],"54":[0,0],"55":[0,2],"56":[0,0],"57":[0,0]},"meta":{"lastBranch":58,"lastFunction":28,"lastStatement":146,"seen":{"s:20:25:20:Infinity":0,"f:29:9:29:30":0,"s:31:4:31:Infinity":1,"s:32:23:32:Infinity":2,"s:33:2:33:Infinity":3,"s:34:2:37:Infinity":4,"f:36:4:36:5":1,"s:36:14:36:Infinity":5,"f:43:16:43:47":2,"s:44:2:44:Infinity":6,"f:50:22:50:44":3,"s:51:18:51:Infinity":7,"s:52:15:52:Infinity":8,"s:53:15:53:Infinity":9,"s:54:17:54:Infinity":10,"s:56:2:56:Infinity":11,"f:62:16:62:40":4,"s:63:2:63:Infinity":12,"s:77:24:77:Infinity":13,"f:79:9:79:24":5,"b:80:2:82:Infinity:undefined:undefined:undefined:undefined":0,"s:80:2:82:Infinity":14,"b:80:6:80:17:80:17:80:45":1,"s:81:4:81:Infinity":15,"b:83:2:89:Infinity:undefined:undefined:undefined:undefined":2,"s:83:2:89:Infinity":16,"s:84:4:88:Infinity":17,"s:104:30:107:Infinity":18,"s:115:33:118:Infinity":19,"f:120:2:120:14":6,"s:121:4:124:Infinity":20,"b:123:19:123:41:123:41:123:Infinity":3,"s:126:4:126:Infinity":21,"b:126:20:126:39:126:39:126:Infinity":4,"f:132:2:132:25":7,"b:133:4:142:Infinity:140:11:142:Infinity":5,"s:133:4:142:Infinity":22,"s:135:6:139:Infinity":23,"b:136:8:138:Infinity:undefined:undefined:undefined:undefined":6,"s:136:8:138:Infinity":24,"s:137:10:137:Infinity":25,"s:141:6:141:Infinity":26,"f:151:2:151:32":8,"s:152:16:152:Infinity":27,"s:153:18:153:Infinity":28,"s:155:4:160:Infinity":29,"b:156:6:159:Infinity:undefined:undefined:undefined:undefined":7,"s:156:6:159:Infinity":30,"s:157:8:157:Infinity":31,"s:158:8:158:Infinity":32,"s:162:4:162:Infinity":33,"f:168:16:168:Infinity":9,"b:170:61:170:Infinity":8,"s:172:51:172:Infinity":34,"b:172:25:172:28":9,"b:172:42:172:47":10,"s:175:4:199:Infinity":35,"s:175:23:175:26":36,"s:176:6:198:Infinity":37,"s:177:8:177:Infinity":38,"s:179:8:179:Infinity":39,"b:179:45:179:53:179:53:179:Infinity":11,"b:182:8:188:Infinity:undefined:undefined:undefined:undefined":12,"s:182:8:188:Infinity":40,"b:183:10:183:Infinity:184:10:184:Infinity:185:10:185:Infinity":13,"s:187:10:187:Infinity":41,"b:191:8:193:Infinity:undefined:undefined:undefined:undefined":14,"s:191:8:193:Infinity":42,"s:192:10:192:Infinity":43,"s:196:22:196:Infinity":44,"s:197:8:197:Infinity":45,"f:197:26:197:27":10,"s:197:39:197:65":46,"s:201:4:201:Infinity":47,"b:201:10:201:23:201:23:201:Infinity":15,"f:212:8:212:47":11,"s:213:18:213:Infinity":48,"s:214:25:214:Infinity":49,"s:215:26:215:Infinity":50,"s:217:19:223:Infinity":51,"s:225:4:229:Infinity":52,"f:235:8:235:Infinity":12,"s:239:21:252:Infinity":53,"s:254:17:254:Infinity":54,"b:256:4:262:Infinity:undefined:undefined:undefined:undefined":16,"s:256:4:262:Infinity":55,"s:257:6:261:Infinity":56,"b:258:8:258:22:258:22:258:Infinity":17,"b:259:8:259:34:259:34:259:50:259:50:259:Infinity":18,"s:264:4:264:Infinity":57,"f:276:8:276:Infinity":13,"b:278:39:278:Infinity":19,"s:280:4:311:Infinity":58,"f:281:6:281:18":14,"s:282:25:296:Infinity":59,"s:298:21:298:Infinity":60,"b:300:8:306:Infinity:undefined:undefined:undefined:undefined":20,"s:300:8:306:Infinity":61,"s:301:10:305:Infinity":62,"b:302:12:302:26:302:26:302:Infinity":21,"b:303:12:303:38:303:38:303:54:303:54:303:Infinity":22,"s:308:8:308:Infinity":63,"b:310:20:310:42:310:42:310:44":23,"f:321:2:321:22":15,"b:321:64:321:77":24,"s:322:24:322:Infinity":64,"s:323:23:323:Infinity":65,"s:324:4:324:Infinity":66,"f:330:8:330:20":16,"s:331:21:342:Infinity":67,"b:344:4:351:Infinity:undefined:undefined:undefined:undefined":25,"s:344:4:351:Infinity":68,"s:345:19:345:Infinity":69,"s:346:6:350:Infinity":70,"b:347:8:347:22:347:22:347:Infinity":26,"b:348:8:348:34:348:34:348:50:348:50:348:Infinity":27,"f:361:8:361:20":17,"s:362:21:366:Infinity":71,"s:368:18:368:Infinity":72,"b:370:4:372:Infinity:undefined:undefined:undefined:undefined":28,"s:370:4:372:Infinity":73,"s:371:6:371:Infinity":74,"s:374:4:374:Infinity":75,"f:380:8:380:20":18,"s:381:21:385:Infinity":76,"b:387:4:394:Infinity:undefined:undefined:undefined:undefined":29,"s:387:4:394:Infinity":77,"s:388:19:388:Infinity":78,"s:389:6:393:Infinity":79,"b:390:8:390:22:390:22:390:Infinity":30,"b:391:8:391:34:391:34:391:50:391:50:391:Infinity":31,"s:396:4:396:Infinity":80,"f:406:8:406:24":19,"s:407:21:411:Infinity":81,"b:413:4:420:Infinity:undefined:undefined:undefined:undefined":32,"s:413:4:420:Infinity":82,"s:414:19:414:Infinity":83,"s:415:6:419:Infinity":84,"b:416:8:416:22:416:22:416:Infinity":33,"b:417:8:417:24:417:24:417:Infinity":34,"s:422:4:422:Infinity":85,"f:437:8:437:Infinity":20,"b:440:16:440:Infinity":35,"s:442:4:442:Infinity":86,"s:444:21:444:Infinity":87,"b:447:4:458:Infinity:undefined:undefined:undefined:undefined":36,"s:447:4:458:Infinity":88,"s:448:21:448:Infinity":89,"b:449:6:451:Infinity:undefined:undefined:undefined:undefined":37,"s:449:6:451:Infinity":90,"b:449:10:449:20:449:20:449:49":38,"s:450:8:450:Infinity":91,"s:454:23:454:Infinity":92,"b:455:6:457:Infinity:undefined:undefined:undefined:undefined":39,"s:455:6:457:Infinity":93,"s:456:8:456:Infinity":94,"s:461:25:465:Infinity":95,"s:468:4:468:Infinity":96,"s:470:4:475:Infinity":97,"s:471:6:471:Infinity":98,"s:474:6:474:Infinity":99,"f:481:16:481:Infinity":21,"s:486:21:493:Infinity":100,"b:495:4:502:Infinity:undefined:undefined:undefined:undefined":40,"s:495:4:502:Infinity":101,"s:496:19:496:Infinity":102,"s:497:6:501:Infinity":103,"b:498:8:498:22:498:22:498:Infinity":41,"b:499:8:499:24:499:24:499:Infinity":42,"s:504:18:504:Infinity":104,"s:507:4:510:Infinity":105,"s:512:4:512:Infinity":106,"f:518:8:518:Infinity":22,"s:522:4:522:Infinity":107,"s:523:21:530:Infinity":108,"b:532:4:539:Infinity:undefined:undefined:undefined:undefined":43,"s:532:4:539:Infinity":109,"s:533:19:533:Infinity":110,"s:534:6:538:Infinity":111,"b:535:8:535:22:535:22:535:Infinity":44,"b:536:8:536:24:536:24:536:Infinity":45,"s:541:4:541:Infinity":112,"f:548:8:548:Infinity":23,"s:552:4:552:Infinity":113,"s:553:21:563:Infinity":114,"b:565:4:572:Infinity:undefined:undefined:undefined:undefined":46,"s:565:4:572:Infinity":115,"s:566:19:566:Infinity":116,"s:567:6:571:Infinity":117,"b:568:8:568:22:568:22:568:Infinity":47,"b:569:8:569:24:569:24:569:Infinity":48,"s:574:18:574:Infinity":118,"s:577:4:580:Infinity":119,"s:582:4:582:Infinity":120,"f:589:8:589:Infinity":24,"s:593:4:593:Infinity":121,"s:594:21:604:Infinity":122,"b:606:4:613:Infinity:undefined:undefined:undefined:undefined":49,"s:606:4:613:Infinity":123,"s:607:19:607:Infinity":124,"s:608:6:612:Infinity":125,"b:609:8:609:22:609:22:609:Infinity":50,"b:610:8:610:24:610:24:610:Infinity":51,"s:615:18:615:Infinity":126,"s:618:4:621:Infinity":127,"s:623:4:623:Infinity":128,"f:630:8:630:Infinity":25,"s:635:4:635:Infinity":129,"s:636:21:646:Infinity":130,"b:648:4:655:Infinity:undefined:undefined:undefined:undefined":52,"s:648:4:655:Infinity":131,"s:649:19:649:Infinity":132,"s:650:6:654:Infinity":133,"b:651:8:651:22:651:22:651:Infinity":53,"b:652:8:652:24:652:24:652:Infinity":54,"s:657:18:657:Infinity":134,"s:660:4:663:Infinity":135,"s:665:4:665:Infinity":136,"f:672:8:672:Infinity":26,"s:677:4:677:Infinity":137,"s:678:21:688:Infinity":138,"b:690:4:697:Infinity:undefined:undefined:undefined:undefined":55,"s:690:4:697:Infinity":139,"s:691:19:691:Infinity":140,"s:692:6:696:Infinity":141,"b:693:8:693:22:693:22:693:Infinity":56,"b:694:8:694:24:694:24:694:Infinity":57,"s:699:18:699:Infinity":142,"s:702:4:705:Infinity":143,"s:707:4:707:Infinity":144,"f:718:16:718:Infinity":27,"s:721:2:721:Infinity":145}}}
,"/home/user/GroveEngine/packages/engine/src/lib/groveauth/colors.ts": {"path":"/home/user/GroveEngine/packages/engine/src/lib/groveauth/colors.ts","statementMap":{"0":{"start":{"line":19,"column":5},"end":{"line":44,"column":null}},"1":{"start":{"line":55,"column":5},"end":{"line":84,"column":null}},"2":{"start":{"line":90,"column":2},"end":{"line":90,"column":null}},"3":{"start":{"line":90,"column":27},"end":{"line":90,"column":null}},"4":{"start":{"line":91,"column":2},"end":{"line":91,"column":null}},"5":{"start":{"line":91,"column":25},"end":{"line":91,"column":null}},"6":{"start":{"line":92,"column":2},"end":{"line":92,"column":null}},"7":{"start":{"line":92,"column":24},"end":{"line":92,"column":null}},"8":{"start":{"line":93,"column":2},"end":{"line":93,"column":null}},"9":{"start":{"line":100,"column":2},"end":{"line":105,"column":null}},"10":{"start":{"line":101,"column":18},"end":{"line":101,"column":null}},"11":{"start":{"line":102,"column":19},"end":{"line":102,"column":null}},"12":{"start":{"line":103,"column":16},"end":{"line":103,"column":null}},"13":{"start":{"line":104,"column":13},"end":{"line":104,"column":null}}},"fnMap":{"0":{"name":"getStatusColorFromPercentage","decl":{"start":{"line":89,"column":16},"end":{"line":89,"column":45}},"loc":{"start":{"line":89,"column":85},"end":{"line":94,"column":null}},"line":89},"1":{"name":"getAlertVariantFromColor","decl":{"start":{"line":99,"column":16},"end":{"line":99,"column":41}},"loc":{"start":{"line":99,"column":75},"end":{"line":106,"column":null}},"line":99}},"branchMap":{"0":{"loc":{"start":{"line":90,"column":2},"end":{"line":90,"column":null}},"type":"if","locations":[{"start":{"line":90,"column":2},"end":{"line":90,"column":null}},{"start":{},"end":{}}],"line":90},"1":{"loc":{"start":{"line":91,"column":2},"end":{"line":91,"column":null}},"type":"if","locations":[{"start":{"line":91,"column":2},"end":{"line":91,"column":null}},{"start":{},"end":{}}],"line":91},"2":{"loc":{"start":{"line":92,"column":2},"end":{"line":92,"column":null}},"type":"if","locations":[{"start":{"line":92,"column":2},"end":{"line":92,"column":null}},{"start":{},"end":{}}],"line":92},"3":{"loc":{"start":{"line":100,"column":2},"end":{"line":105,"column":null}},"type":"switch","locations":[{"start":{"line":101,"column":4},"end":{"line":101,"column":null}},{"start":{"line":102,"column":4},"end":{"line":102,"column":null}},{"start":{"line":103,"column":4},"end":{"line":103,"column":null}},{"start":{"line":104,"column":4},"end":{"line":104,"column":null}}],"line":100}},"s":{"0":0,"1":0,"2":0,"3":0,"4":0,"5":0,"6":0,"7":0,"8":0,"9":0,"10":0,"11":0,"12":0,"13":0},"f":{"0":0,"1":0},"b":{"0":[0,0],"1":[0,0],"2":[0,0],"3":[0,0,0,0]},"meta":{"lastBranch":4,"lastFunction":2,"lastStatement":14,"seen":{"s:19:5:44:Infinity":0,"s:55:5:84:Infinity":1,"f:89:16:89:45":0,"b:90:2:90:Infinity:undefined:undefined:undefined:undefined":0,"s:90:2:90:Infinity":2,"s:90:27:90:Infinity":3,"b:91:2:91:Infinity:undefined:undefined:undefined:undefined":1,"s:91:2:91:Infinity":4,"s:91:25:91:Infinity":5,"b:92:2:92:Infinity:undefined:undefined:undefined:undefined":2,"s:92:2:92:Infinity":6,"s:92:24:92:Infinity":7,"s:93:2:93:Infinity":8,"f:99:16:99:41":1,"b:101:4:101:Infinity:102:4:102:Infinity:103:4:103:Infinity:104:4:104:Infinity":3,"s:100:2:105:Infinity":9,"s:101:18:101:Infinity":10,"s:102:19:102:Infinity":11,"s:103:16:103:Infinity":12,"s:104:13:104:Infinity":13}}}
,"/home/user/GroveEngine/packages/engine/src/lib/groveauth/limits.ts": {"path":"/home/user/GroveEngine/packages/engine/src/lib/groveauth/limits.ts","statementMap":{"0":{"start":{"line":19,"column":2},"end":{"line":21,"column":null}},"1":{"start":{"line":20,"column":4},"end":{"line":20,"column":null}},"2":{"start":{"line":23,"column":20},"end":{"line":23,"column":null}},"3":{"start":{"line":24,"column":16},"end":{"line":24,"column":null}},"4":{"start":{"line":25,"column":15},"end":{"line":25,"column":null}},"5":{"start":{"line":27,"column":2},"end":{"line":29,"column":null}},"6":{"start":{"line":28,"column":4},"end":{"line":28,"column":null}},"7":{"start":{"line":31,"column":2},"end":{"line":33,"column":null}},"8":{"start":{"line":32,"column":4},"end":{"line":32,"column":null}},"9":{"start":{"line":35,"column":2},"end":{"line":37,"column":null}},"10":{"start":{"line":36,"column":4},"end":{"line":36,"column":null}},"11":{"start":{"line":39,"column":2},"end":{"line":41,"column":null}},"12":{"start":{"line":40,"column":4},"end":{"line":40,"column":null}},"13":{"start":{"line":43,"column":2},"end":{"line":43,"column":null}},"14":{"start":{"line":50,"column":2},"end":{"line":52,"column":null}},"15":{"start":{"line":51,"column":4},"end":{"line":51,"column":null}},"16":{"start":{"line":54,"column":2},"end":{"line":56,"column":null}},"17":{"start":{"line":55,"column":4},"end":{"line":55,"column":null}},"18":{"start":{"line":58,"column":2},"end":{"line":60,"column":null}},"19":{"start":{"line":59,"column":4},"end":{"line":59,"column":null}},"20":{"start":{"line":62,"column":2},"end":{"line":62,"column":null}},"21":{"start":{"line":69,"column":28},"end":{"line":69,"column":null}},"22":{"start":{"line":71,"column":2},"end":{"line":75,"column":null}},"23":{"start":{"line":72,"column":4},"end":{"line":72,"column":null}},"24":{"start":{"line":73,"column":4},"end":{"line":73,"column":null}},"25":{"start":{"line":74,"column":4},"end":{"line":74,"column":null}},"26":{"start":{"line":77,"column":2},"end":{"line":80,"column":null}},"27":{"start":{"line":78,"column":4},"end":{"line":78,"column":null}},"28":{"start":{"line":79,"column":4},"end":{"line":79,"column":null}},"29":{"start":{"line":82,"column":2},"end":{"line":85,"column":null}},"30":{"start":{"line":83,"column":4},"end":{"line":83,"column":null}},"31":{"start":{"line":84,"column":4},"end":{"line":84,"column":null}},"32":{"start":{"line":87,"column":2},"end":{"line":89,"column":null}},"33":{"start":{"line":88,"column":4},"end":{"line":88,"column":null}},"34":{"start":{"line":91,"column":2},"end":{"line":91,"column":null}},"35":{"start":{"line":103,"column":19},"end":{"line":103,"column":null}},"36":{"start":{"line":105,"column":2},"end":{"line":112,"column":null}},"37":{"start":{"line":106,"column":4},"end":{"line":111,"column":null}},"38":{"start":{"line":114,"column":2},"end":{"line":121,"column":null}},"39":{"start":{"line":115,"column":4},"end":{"line":120,"column":null}},"40":{"start":{"line":123,"column":2},"end":{"line":131,"column":null}},"41":{"start":{"line":124,"column":19},"end":{"line":124,"column":null}},"42":{"start":{"line":125,"column":4},"end":{"line":130,"column":null}},"43":{"start":{"line":133,"column":2},"end":{"line":141,"column":null}},"44":{"start":{"line":134,"column":19},"end":{"line":134,"column":null}},"45":{"start":{"line":135,"column":4},"end":{"line":140,"column":null}},"46":{"start":{"line":143,"column":2},"end":{"line":148,"column":null}},"47":{"start":{"line":182,"column":18},"end":{"line":182,"column":null}},"48":{"start":{"line":184,"column":80},"end":{"line":189,"column":null}},"49":{"start":{"line":191,"column":56},"end":{"line":196,"column":null}},"50":{"start":{"line":198,"column":2},"end":{"line":209,"column":null}},"51":{"start":{"line":233,"column":30},"end":{"line":233,"column":null}},"52":{"start":{"line":236,"column":2},"end":{"line":244,"column":null}},"53":{"start":{"line":237,"column":4},"end":{"line":243,"column":null}},"54":{"start":{"line":247,"column":2},"end":{"line":255,"column":null}},"55":{"start":{"line":248,"column":4},"end":{"line":254,"column":null}},"56":{"start":{"line":258,"column":2},"end":{"line":266,"column":null}},"57":{"start":{"line":259,"column":4},"end":{"line":265,"column":null}},"58":{"start":{"line":269,"column":2},"end":{"line":277,"column":null}},"59":{"start":{"line":270,"column":4},"end":{"line":276,"column":null}},"60":{"start":{"line":280,"column":2},"end":{"line":286,"column":null}}},"fnMap":{"0":{"name":"getQuotaDescription","decl":{"start":{"line":18,"column":16},"end":{"line":18,"column":36}},"loc":{"start":{"line":18,"column":72},"end":{"line":44,"column":null}},"line":18},"1":{"name":"getQuotaUrgency","decl":{"start":{"line":49,"column":16},"end":{"line":49,"column":32}},"loc":{"start":{"line":49,"column":108},"end":{"line":63,"column":null}},"line":49},"2":{"name":"getSuggestedActions","decl":{"start":{"line":68,"column":16},"end":{"line":68,"column":36}},"loc":{"start":{"line":68,"column":74},"end":{"line":92,"column":null}},"line":68},"3":{"name":"getUpgradeRecommendation","decl":{"start":{"line":97,"column":16},"end":{"line":97,"column":41}},"loc":{"start":{"line":102,"column":2},"end":{"line":149,"column":null}},"line":102},"4":{"name":"getQuotaWidgetData","decl":{"start":{"line":181,"column":16},"end":{"line":181,"column":35}},"loc":{"start":{"line":181,"column":80},"end":{"line":210,"column":null}},"line":181},"5":{"name":"getPreSubmitCheck","decl":{"start":{"line":232,"column":16},"end":{"line":232,"column":34}},"loc":{"start":{"line":232,"column":83},"end":{"line":287,"column":null}},"line":232}},"branchMap":{"0":{"loc":{"start":{"line":19,"column":2},"end":{"line":21,"column":null}},"type":"if","locations":[{"start":{"line":19,"column":2},"end":{"line":21,"column":null}},{"start":{},"end":{}}],"line":19},"1":{"loc":{"start":{"line":23,"column":20},"end":{"line":23,"column":null}},"type":"binary-expr","locations":[{"start":{"line":23,"column":20},"end":{"line":23,"column":46}},{"start":{"line":23,"column":46},"end":{"line":23,"column":null}}],"line":23},"2":{"loc":{"start":{"line":27,"column":2},"end":{"line":29,"column":null}},"type":"if","locations":[{"start":{"line":27,"column":2},"end":{"line":29,"column":null}},{"start":{},"end":{}}],"line":27},"3":{"loc":{"start":{"line":31,"column":2},"end":{"line":33,"column":null}},"type":"if","locations":[{"start":{"line":31,"column":2},"end":{"line":33,"column":null}},{"start":{},"end":{}}],"line":31},"4":{"loc":{"start":{"line":31,"column":6},"end":{"line":31,"column":80}},"type":"binary-expr","locations":[{"start":{"line":31,"column":6},"end":{"line":31,"column":35}},{"start":{"line":31,"column":35},"end":{"line":31,"column":80}}],"line":31},"5":{"loc":{"start":{"line":35,"column":2},"end":{"line":37,"column":null}},"type":"if","locations":[{"start":{"line":35,"column":2},"end":{"line":37,"column":null}},{"start":{},"end":{}}],"line":35},"6":{"loc":{"start":{"line":39,"column":2},"end":{"line":41,"column":null}},"type":"if","locations":[{"start":{"line":39,"column":2},"end":{"line":41,"column":null}},{"start":{},"end":{}}],"line":39},"7":{"loc":{"start":{"line":39,"column":6},"end":{"line":39,"column":71}},"type":"binary-expr","locations":[{"start":{"line":39,"column":6},"end":{"line":39,"column":41}},{"start":{"line":39,"column":41},"end":{"line":39,"column":71}}],"line":39},"8":{"loc":{"start":{"line":50,"column":2},"end":{"line":52,"column":null}},"type":"if","locations":[{"start":{"line":50,"column":2},"end":{"line":52,"column":null}},{"start":{},"end":{}}],"line":50},"9":{"loc":{"start":{"line":54,"column":2},"end":{"line":56,"column":null}},"type":"if","locations":[{"start":{"line":54,"column":2},"end":{"line":56,"column":null}},{"start":{},"end":{}}],"line":54},"10":{"loc":{"start":{"line":54,"column":6},"end":{"line":54,"column":96}},"type":"binary-expr","locations":[{"start":{"line":54,"column":6},"end":{"line":54,"column":29}},{"start":{"line":54,"column":29},"end":{"line":54,"column":64}},{"start":{"line":54,"column":64},"end":{"line":54,"column":96}}],"line":54},"11":{"loc":{"start":{"line":58,"column":2},"end":{"line":60,"column":null}},"type":"if","locations":[{"start":{"line":58,"column":2},"end":{"line":60,"column":null}},{"start":{},"end":{}}],"line":58},"12":{"loc":{"start":{"line":58,"column":6},"end":{"line":58,"column":71}},"type":"binary-expr","locations":[{"start":{"line":58,"column":6},"end":{"line":58,"column":41}},{"start":{"line":58,"column":41},"end":{"line":58,"column":71}}],"line":58},"13":{"loc":{"start":{"line":71,"column":2},"end":{"line":75,"column":null}},"type":"if","locations":[{"start":{"line":71,"column":2},"end":{"line":75,"column":null}},{"start":{},"end":{}}],"line":71},"14":{"loc":{"start":{"line":77,"column":2},"end":{"line":80,"column":null}},"type":"if","locations":[{"start":{"line":77,"column":2},"end":{"line":80,"column":null}},{"start":{},"end":{}}],"line":77},"15":{"loc":{"start":{"line":82,"column":2},"end":{"line":85,"column":null}},"type":"if","locations":[{"start":{"line":82,"column":2},"end":{"line":85,"column":null}},{"start":{},"end":{}}],"line":82},"16":{"loc":{"start":{"line":87,"column":2},"end":{"line":89,"column":null}},"type":"if","locations":[{"start":{"line":87,"column":2},"end":{"line":89,"column":null}},{"start":{},"end":{}}],"line":87},"17":{"loc":{"start":{"line":87,"column":6},"end":{"line":87,"column":102}},"type":"binary-expr","locations":[{"start":{"line":87,"column":6},"end":{"line":87,"column":41}},{"start":{"line":87,"column":41},"end":{"line":87,"column":73}},{"start":{"line":87,"column":73},"end":{"line":87,"column":102}}],"line":87},"18":{"loc":{"start":{"line":105,"column":2},"end":{"line":112,"column":null}},"type":"if","locations":[{"start":{"line":105,"column":2},"end":{"line":112,"column":null}},{"start":{},"end":{}}],"line":105},"19":{"loc":{"start":{"line":114,"column":2},"end":{"line":121,"column":null}},"type":"if","locations":[{"start":{"line":114,"column":2},"end":{"line":121,"column":null}},{"start":{},"end":{}}],"line":114},"20":{"loc":{"start":{"line":123,"column":2},"end":{"line":131,"column":null}},"type":"if","locations":[{"start":{"line":123,"column":2},"end":{"line":131,"column":null}},{"start":{},"end":{}}],"line":123},"21":{"loc":{"start":{"line":123,"column":6},"end":{"line":123,"column":53}},"type":"binary-expr","locations":[{"start":{"line":123,"column":6},"end":{"line":123,"column":33}},{"start":{"line":123,"column":33},"end":{"line":123,"column":53}}],"line":123},"22":{"loc":{"start":{"line":124,"column":19},"end":{"line":124,"column":null}},"type":"cond-expr","locations":[{"start":{"line":124,"column":48},"end":{"line":124,"column":60}},{"start":{"line":124,"column":60},"end":{"line":124,"column":null}}],"line":124},"23":{"loc":{"start":{"line":133,"column":2},"end":{"line":141,"column":null}},"type":"if","locations":[{"start":{"line":133,"column":2},"end":{"line":141,"column":null}},{"start":{},"end":{}}],"line":133},"24":{"loc":{"start":{"line":133,"column":6},"end":{"line":133,"column":71}},"type":"binary-expr","locations":[{"start":{"line":133,"column":6},"end":{"line":133,"column":41}},{"start":{"line":133,"column":41},"end":{"line":133,"column":71}}],"line":133},"25":{"loc":{"start":{"line":134,"column":19},"end":{"line":134,"column":null}},"type":"cond-expr","locations":[{"start":{"line":134,"column":48},"end":{"line":134,"column":60}},{"start":{"line":134,"column":60},"end":{"line":134,"column":null}}],"line":134},"26":{"loc":{"start":{"line":203,"column":11},"end":{"line":203,"column":null}},"type":"cond-expr","locations":[{"start":{"line":203,"column":40},"end":{"line":203,"column":49}},{"start":{"line":203,"column":49},"end":{"line":203,"column":null}}],"line":203},"27":{"loc":{"start":{"line":204,"column":16},"end":{"line":204,"column":null}},"type":"cond-expr","locations":[{"start":{"line":204,"column":45},"end":{"line":204,"column":59}},{"start":{"line":204,"column":59},"end":{"line":204,"column":null}}],"line":204},"28":{"loc":{"start":{"line":206,"column":17},"end":{"line":206,"column":null}},"type":"binary-expr","locations":[{"start":{"line":206,"column":17},"end":{"line":206,"column":42}},{"start":{"line":206,"column":42},"end":{"line":206,"column":68}},{"start":{"line":206,"column":68},"end":{"line":206,"column":null}}],"line":206},"29":{"loc":{"start":{"line":236,"column":2},"end":{"line":244,"column":null}},"type":"if","locations":[{"start":{"line":236,"column":2},"end":{"line":244,"column":null}},{"start":{},"end":{}}],"line":236},"30":{"loc":{"start":{"line":247,"column":2},"end":{"line":255,"column":null}},"type":"if","locations":[{"start":{"line":247,"column":2},"end":{"line":255,"column":null}},{"start":{},"end":{}}],"line":247},"31":{"loc":{"start":{"line":258,"column":2},"end":{"line":266,"column":null}},"type":"if","locations":[{"start":{"line":258,"column":2},"end":{"line":266,"column":null}},{"start":{},"end":{}}],"line":258},"32":{"loc":{"start":{"line":269,"column":2},"end":{"line":277,"column":null}},"type":"if","locations":[{"start":{"line":269,"column":2},"end":{"line":277,"column":null}},{"start":{},"end":{}}],"line":269},"33":{"loc":{"start":{"line":269,"column":6},"end":{"line":269,"column":71}},"type":"binary-expr","locations":[{"start":{"line":269,"column":6},"end":{"line":269,"column":41}},{"start":{"line":269,"column":41},"end":{"line":269,"column":71}}],"line":269}},"s":{"0":24,"1":3,"2":21,"3":24,"4":24,"5":24,"6":4,"7":17,"8":2,"9":15,"10":4,"11":11,"12":4,"13":7,"14":20,"15":3,"16":17,"17":4,"18":13,"19":3,"20":10,"21":5,"22":5,"23":1,"24":1,"25":1,"26":4,"27":1,"28":1,"29":4,"30":2,"31":2,"32":4,"33":1,"34":4,"35":7,"36":7,"37":1,"38":6,"39":1,"40":5,"41":3,"42":3,"43":2,"44":1,"45":1,"46":1,"47":14,"48":14,"49":14,"50":14,"51":6,"52":6,"53":1,"54":5,"55":1,"56":4,"57":1,"58":3,"59":1,"60":2},"f":{"0":24,"1":20,"2":5,"3":7,"4":14,"5":6},"b":{"0":[3,21],"1":[21,0],"2":[4,20],"3":[2,15],"4":[17,2],"5":[4,11],"6":[4,7],"7":[11,11],"8":[3,17],"9":[4,13],"10":[17,14,11],"11":[3,10],"12":[13,10],"13":[1,4],"14":[1,3],"15":[2,2],"16":[1,3],"17":[4,4,3],"18":[1,6],"19":[1,5],"20":[3,2],"21":[5,4],"22":[2,1],"23":[1,1],"24":[2,2],"25":[1,0],"26":[2,12],"27":[2,12],"28":[14,12,10],"29":[1,5],"30":[1,4],"31":[1,3],"32":[1,2],"33":[3,3]},"meta":{"lastBranch":34,"lastFunction":6,"lastStatement":61,"seen":{"f:18:16:18:36":0,"b:19:2:21:Infinity:undefined:undefined:undefined:undefined":0,"s:19:2:21:Infinity":0,"s:20:4:20:Infinity":1,"s:23:20:23:Infinity":2,"b:23:20:23:46:23:46:23:Infinity":1,"s:24:16:24:Infinity":3,"s:25:15:25:Infinity":4,"b:27:2:29:Infinity:undefined:undefined:undefined:undefined":2,"s:27:2:29:Infinity":5,"s:28:4:28:Infinity":6,"b:31:2:33:Infinity:undefined:undefined:undefined:undefined":3,"s:31:2:33:Infinity":7,"b:31:6:31:35:31:35:31:80":4,"s:32:4:32:Infinity":8,"b:35:2:37:Infinity:undefined:undefined:undefined:undefined":5,"s:35:2:37:Infinity":9,"s:36:4:36:Infinity":10,"b:39:2:41:Infinity:undefined:undefined:undefined:undefined":6,"s:39:2:41:Infinity":11,"b:39:6:39:41:39:41:39:71":7,"s:40:4:40:Infinity":12,"s:43:2:43:Infinity":13,"f:49:16:49:32":1,"b:50:2:52:Infinity:undefined:undefined:undefined:undefined":8,"s:50:2:52:Infinity":14,"s:51:4:51:Infinity":15,"b:54:2:56:Infinity:undefined:undefined:undefined:undefined":9,"s:54:2:56:Infinity":16,"b:54:6:54:29:54:29:54:64:54:64:54:96":10,"s:55:4:55:Infinity":17,"b:58:2:60:Infinity:undefined:undefined:undefined:undefined":11,"s:58:2:60:Infinity":18,"b:58:6:58:41:58:41:58:71":12,"s:59:4:59:Infinity":19,"s:62:2:62:Infinity":20,"f:68:16:68:36":2,"s:69:28:69:Infinity":21,"b:71:2:75:Infinity:undefined:undefined:undefined:undefined":13,"s:71:2:75:Infinity":22,"s:72:4:72:Infinity":23,"s:73:4:73:Infinity":24,"s:74:4:74:Infinity":25,"b:77:2:80:Infinity:undefined:undefined:undefined:undefined":14,"s:77:2:80:Infinity":26,"s:78:4:78:Infinity":27,"s:79:4:79:Infinity":28,"b:82:2:85:Infinity:undefined:undefined:undefined:undefined":15,"s:82:2:85:Infinity":29,"s:83:4:83:Infinity":30,"s:84:4:84:Infinity":31,"b:87:2:89:Infinity:undefined:undefined:undefined:undefined":16,"s:87:2:89:Infinity":32,"b:87:6:87:41:87:41:87:73:87:73:87:102":17,"s:88:4:88:Infinity":33,"s:91:2:91:Infinity":34,"f:97:16:97:41":3,"s:103:19:103:Infinity":35,"b:105:2:112:Infinity:undefined:undefined:undefined:undefined":18,"s:105:2:112:Infinity":36,"s:106:4:111:Infinity":37,"b:114:2:121:Infinity:undefined:undefined:undefined:undefined":19,"s:114:2:121:Infinity":38,"s:115:4:120:Infinity":39,"b:123:2:131:Infinity:undefined:undefined:undefined:undefined":20,"s:123:2:131:Infinity":40,"b:123:6:123:33:123:33:123:53":21,"s:124:19:124:Infinity":41,"b:124:48:124:60:124:60:124:Infinity":22,"s:125:4:130:Infinity":42,"b:133:2:141:Infinity:undefined:undefined:undefined:undefined":23,"s:133:2:141:Infinity":43,"b:133:6:133:41:133:41:133:71":24,"s:134:19:134:Infinity":44,"b:134:48:134:60:134:60:134:Infinity":25,"s:135:4:140:Infinity":45,"s:143:2:148:Infinity":46,"f:181:16:181:35":4,"s:182:18:182:Infinity":47,"s:184:80:189:Infinity":48,"s:191:56:196:Infinity":49,"s:198:2:209:Infinity":50,"b:203:40:203:49:203:49:203:Infinity":26,"b:204:45:204:59:204:59:204:Infinity":27,"b:206:17:206:42:206:42:206:68:206:68:206:Infinity":28,"f:232:16:232:34":5,"s:233:30:233:Infinity":51,"b:236:2:244:Infinity:undefined:undefined:undefined:undefined":29,"s:236:2:244:Infinity":52,"s:237:4:243:Infinity":53,"b:247:2:255:Infinity:undefined:undefined:undefined:undefined":30,"s:247:2:255:Infinity":54,"s:248:4:254:Infinity":55,"b:258:2:266:Infinity:undefined:undefined:undefined:undefined":31,"s:258:2:266:Infinity":56,"s:259:4:265:Infinity":57,"b:269:2:277:Infinity:undefined:undefined:undefined:undefined":32,"s:269:2:277:Infinity":58,"b:269:6:269:41:269:41:269:71":33,"s:270:4:276:Infinity":59,"s:280:2:286:Infinity":60}}}
,"/home/user/GroveEngine/packages/engine/src/lib/groveauth/rate-limit.ts": {"path":"/home/user/GroveEngine/packages/engine/src/lib/groveauth/rate-limit.ts","statementMap":{"0":{"start":{"line":35,"column":68},"end":{"line":40,"column":null}},"1":{"start":{"line":56,"column":48},"end":{"line":56,"column":null}},"2":{"start":{"line":60,"column":4},"end":{"line":60,"column":null}},"3":{"start":{"line":71,"column":24},"end":{"line":71,"column":null}},"4":{"start":{"line":72,"column":4},"end":{"line":75,"column":null}},"5":{"start":{"line":74,"column":6},"end":{"line":74,"column":null}},"6":{"start":{"line":77,"column":21},"end":{"line":77,"column":null}},"7":{"start":{"line":78,"column":16},"end":{"line":78,"column":null}},"8":{"start":{"line":79,"column":18},"end":{"line":79,"column":null}},"9":{"start":{"line":82,"column":4},"end":{"line":88,"column":null}},"10":{"start":{"line":83,"column":6},"end":{"line":86,"column":null}},"11":{"start":{"line":87,"column":6},"end":{"line":87,"column":null}},"12":{"start":{"line":91,"column":4},"end":{"line":94,"column":null}},"13":{"start":{"line":92,"column":6},"end":{"line":92,"column":null}},"14":{"start":{"line":93,"column":6},"end":{"line":93,"column":null}},"15":{"start":{"line":96,"column":4},"end":{"line":96,"column":null}},"16":{"start":{"line":108,"column":24},"end":{"line":108,"column":null}},"17":{"start":{"line":109,"column":4},"end":{"line":109,"column":null}},"18":{"start":{"line":109,"column":22},"end":{"line":109,"column":null}},"19":{"start":{"line":111,"column":21},"end":{"line":111,"column":null}},"20":{"start":{"line":112,"column":16},"end":{"line":112,"column":null}},"21":{"start":{"line":113,"column":18},"end":{"line":113,"column":null}},"22":{"start":{"line":115,"column":4},"end":{"line":120,"column":null}},"23":{"start":{"line":116,"column":6},"end":{"line":119,"column":null}},"24":{"start":{"line":122,"column":4},"end":{"line":125,"column":null}},"25":{"start":{"line":132,"column":4},"end":{"line":142,"column":null}},"26":{"start":{"line":133,"column":6},"end":{"line":133,"column":null}},"27":{"start":{"line":134,"column":4},"end":{"line":142,"column":null}},"28":{"start":{"line":135,"column":6},"end":{"line":139,"column":null}},"29":{"start":{"line":136,"column":8},"end":{"line":138,"column":null}},"30":{"start":{"line":137,"column":10},"end":{"line":137,"column":null}},"31":{"start":{"line":141,"column":6},"end":{"line":141,"column":null}},"32":{"start":{"line":150,"column":16},"end":{"line":150,"column":null}},"33":{"start":{"line":151,"column":18},"end":{"line":151,"column":null}},"34":{"start":{"line":153,"column":4},"end":{"line":158,"column":null}},"35":{"start":{"line":154,"column":6},"end":{"line":157,"column":null}},"36":{"start":{"line":155,"column":8},"end":{"line":155,"column":null}},"37":{"start":{"line":156,"column":8},"end":{"line":156,"column":null}},"38":{"start":{"line":160,"column":4},"end":{"line":160,"column":null}},"39":{"start":{"line":171,"column":4},"end":{"line":173,"column":null}},"40":{"start":{"line":174,"column":4},"end":{"line":174,"column":null}},"41":{"start":{"line":175,"column":4},"end":{"line":175,"column":null}},"42":{"start":{"line":201,"column":2},"end":{"line":213,"column":null}},"43":{"start":{"line":202,"column":16},"end":{"line":202,"column":null}},"44":{"start":{"line":203,"column":22},"end":{"line":203,"column":null}},"45":{"start":{"line":205,"column":4},"end":{"line":210,"column":null}},"46":{"start":{"line":206,"column":27},"end":{"line":208,"column":null}},"47":{"start":{"line":209,"column":6},"end":{"line":209,"column":null}},"48":{"start":{"line":212,"column":4},"end":{"line":212,"column":null}}},"fnMap":{"0":{"name":"(anonymous_0)","decl":{"start":{"line":59,"column":2},"end":{"line":59,"column":14}},"loc":{"start":{"line":59,"column":56},"end":{"line":61,"column":null}},"line":59},"1":{"name":"(anonymous_1)","decl":{"start":{"line":70,"column":2},"end":{"line":70,"column":13}},"loc":{"start":{"line":70,"column":49},"end":{"line":97,"column":null}},"line":70},"2":{"name":"(anonymous_2)","decl":{"start":{"line":104,"column":2},"end":{"line":104,"column":null}},"loc":{"start":{"line":107,"column":51},"end":{"line":126,"column":null}},"line":107},"3":{"name":"(anonymous_3)","decl":{"start":{"line":131,"column":2},"end":{"line":131,"column":8}},"loc":{"start":{"line":131,"column":43},"end":{"line":143,"column":null}},"line":131},"4":{"name":"(anonymous_4)","decl":{"start":{"line":149,"column":2},"end":{"line":149,"column":20}},"loc":{"start":{"line":149,"column":20},"end":{"line":161,"column":null}},"line":149},"5":{"name":"(anonymous_5)","decl":{"start":{"line":170,"column":2},"end":{"line":170,"column":14}},"loc":{"start":{"line":170,"column":50},"end":{"line":176,"column":null}},"line":170},"6":{"name":"withRateLimit","decl":{"start":{"line":193,"column":16},"end":{"line":193,"column":null}},"loc":{"start":{"line":200,"column":5},"end":{"line":214,"column":null}},"line":200},"7":{"name":"(anonymous_7)","decl":{"start":{"line":201,"column":10},"end":{"line":201,"column":20}},"loc":{"start":{"line":201,"column":44},"end":{"line":213,"column":null}},"line":201}},"branchMap":{"0":{"loc":{"start":{"line":72,"column":4},"end":{"line":75,"column":null}},"type":"if","locations":[{"start":{"line":72,"column":4},"end":{"line":75,"column":null}},{"start":{},"end":{}}],"line":72},"1":{"loc":{"start":{"line":82,"column":4},"end":{"line":88,"column":null}},"type":"if","locations":[{"start":{"line":82,"column":4},"end":{"line":88,"column":null}},{"start":{},"end":{}}],"line":82},"2":{"loc":{"start":{"line":82,"column":8},"end":{"line":82,"column":40}},"type":"binary-expr","locations":[{"start":{"line":82,"column":8},"end":{"line":82,"column":18}},{"start":{"line":82,"column":18},"end":{"line":82,"column":40}}],"line":82},"3":{"loc":{"start":{"line":91,"column":4},"end":{"line":94,"column":null}},"type":"if","locations":[{"start":{"line":91,"column":4},"end":{"line":94,"column":null}},{"start":{},"end":{}}],"line":91},"4":{"loc":{"start":{"line":109,"column":4},"end":{"line":109,"column":null}},"type":"if","locations":[{"start":{"line":109,"column":4},"end":{"line":109,"column":null}},{"start":{},"end":{}}],"line":109},"5":{"loc":{"start":{"line":115,"column":4},"end":{"line":120,"column":null}},"type":"if","locations":[{"start":{"line":115,"column":4},"end":{"line":120,"column":null}},{"start":{},"end":{}}],"line":115},"6":{"loc":{"start":{"line":115,"column":8},"end":{"line":115,"column":40}},"type":"binary-expr","locations":[{"start":{"line":115,"column":8},"end":{"line":115,"column":18}},{"start":{"line":115,"column":18},"end":{"line":115,"column":40}}],"line":115},"7":{"loc":{"start":{"line":132,"column":4},"end":{"line":142,"column":null}},"type":"if","locations":[{"start":{"line":132,"column":4},"end":{"line":142,"column":null}},{"start":{"line":134,"column":4},"end":{"line":142,"column":null}}],"line":132},"8":{"loc":{"start":{"line":132,"column":8},"end":{"line":132,"column":21}},"type":"binary-expr","locations":[{"start":{"line":132,"column":8},"end":{"line":132,"column":16}},{"start":{"line":132,"column":16},"end":{"line":132,"column":21}}],"line":132},"9":{"loc":{"start":{"line":134,"column":4},"end":{"line":142,"column":null}},"type":"if","locations":[{"start":{"line":134,"column":4},"end":{"line":142,"column":null}},{"start":{"line":140,"column":11},"end":{"line":142,"column":null}}],"line":134},"10":{"loc":{"start":{"line":136,"column":8},"end":{"line":138,"column":null}},"type":"if","locations":[{"start":{"line":136,"column":8},"end":{"line":138,"column":null}},{"start":{},"end":{}}],"line":136},"11":{"loc":{"start":{"line":154,"column":6},"end":{"line":157,"column":null}},"type":"if","locations":[{"start":{"line":154,"column":6},"end":{"line":157,"column":null}},{"start":{},"end":{}}],"line":154},"12":{"loc":{"start":{"line":205,"column":4},"end":{"line":210,"column":null}},"type":"if","locations":[{"start":{"line":205,"column":4},"end":{"line":210,"column":null}},{"start":{},"end":{}}],"line":205},"13":{"loc":{"start":{"line":206,"column":27},"end":{"line":208,"column":null}},"type":"cond-expr","locations":[{"start":{"line":207,"column":10},"end":{"line":207,"column":null}},{"start":{"line":208,"column":10},"end":{"line":208,"column":null}}],"line":206}},"s":{"0":1,"1":37,"2":37,"3":205,"4":205,"5":2,"6":203,"7":203,"8":203,"9":203,"10":37,"11":37,"12":166,"13":155,"14":155,"15":11,"16":31,"17":31,"18":1,"19":30,"20":30,"21":30,"22":30,"23":10,"24":20,"25":3,"26":1,"27":2,"28":1,"29":3,"30":2,"31":1,"32":3,"33":3,"34":3,"35":5,"36":4,"37":4,"38":3,"39":9,"40":9,"41":9,"42":6,"43":15,"44":15,"45":15,"46":4,"47":4,"48":11},"f":{"0":37,"1":205,"2":31,"3":3,"4":3,"5":9,"6":6,"7":15},"b":{"0":[2,203],"1":[37,166],"2":[203,168],"3":[155,11],"4":[1,30],"5":[10,20],"6":[30,21],"7":[1,2],"8":[3,2],"9":[1,1],"10":[2,1],"11":[4,1],"12":[4,11],"13":[4,0]},"meta":{"lastBranch":14,"lastFunction":8,"lastStatement":49,"seen":{"s:35:68:40:Infinity":0,"s:56:48:56:Infinity":1,"f:59:2:59:14":0,"s:60:4:60:Infinity":2,"f:70:2:70:13":1,"s:71:24:71:Infinity":3,"b:72:4:75:Infinity:undefined:undefined:undefined:undefined":0,"s:72:4:75:Infinity":4,"s:74:6:74:Infinity":5,"s:77:21:77:Infinity":6,"s:78:16:78:Infinity":7,"s:79:18:79:Infinity":8,"b:82:4:88:Infinity:undefined:undefined:undefined:undefined":1,"s:82:4:88:Infinity":9,"b:82:8:82:18:82:18:82:40":2,"s:83:6:86:Infinity":10,"s:87:6:87:Infinity":11,"b:91:4:94:Infinity:undefined:undefined:undefined:undefined":3,"s:91:4:94:Infinity":12,"s:92:6:92:Infinity":13,"s:93:6:93:Infinity":14,"s:96:4:96:Infinity":15,"f:104:2:104:Infinity":2,"s:108:24:108:Infinity":16,"b:109:4:109:Infinity:undefined:undefined:undefined:undefined":4,"s:109:4:109:Infinity":17,"s:109:22:109:Infinity":18,"s:111:21:111:Infinity":19,"s:112:16:112:Infinity":20,"s:113:18:113:Infinity":21,"b:115:4:120:Infinity:undefined:undefined:undefined:undefined":5,"s:115:4:120:Infinity":22,"b:115:8:115:18:115:18:115:40":6,"s:116:6:119:Infinity":23,"s:122:4:125:Infinity":24,"f:131:2:131:8":3,"b:132:4:142:Infinity:134:4:142:Infinity":7,"s:132:4:142:Infinity":25,"b:132:8:132:16:132:16:132:21":8,"s:133:6:133:Infinity":26,"b:134:4:142:Infinity:140:11:142:Infinity":9,"s:134:4:142:Infinity":27,"s:135:6:139:Infinity":28,"b:136:8:138:Infinity:undefined:undefined:undefined:undefined":10,"s:136:8:138:Infinity":29,"s:137:10:137:Infinity":30,"s:141:6:141:Infinity":31,"f:149:2:149:20":4,"s:150:16:150:Infinity":32,"s:151:18:151:Infinity":33,"s:153:4:158:Infinity":34,"b:154:6:157:Infinity:undefined:undefined:undefined:undefined":11,"s:154:6:157:Infinity":35,"s:155:8:155:Infinity":36,"s:156:8:156:Infinity":37,"s:160:4:160:Infinity":38,"f:170:2:170:14":5,"s:171:4:173:Infinity":39,"s:174:4:174:Infinity":40,"s:175:4:175:Infinity":41,"f:193:16:193:Infinity":6,"s:201:2:213:Infinity":42,"f:201:10:201:20":7,"s:202:16:202:Infinity":43,"s:203:22:203:Infinity":44,"b:205:4:210:Infinity:undefined:undefined:undefined:undefined":12,"s:205:4:210:Infinity":45,"s:206:27:208:Infinity":46,"b:207:10:207:Infinity:208:10:208:Infinity":13,"s:209:6:209:Infinity":47,"s:212:4:212:Infinity":48}}}
,"/home/user/GroveEngine/packages/engine/src/lib/payments/shop.ts": {"path":"/home/user/GroveEngine/packages/engine/src/lib/payments/shop.ts","statementMap":{"0":{"start":{"line":196,"column":14},"end":{"line":196,"column":null}},"1":{"start":{"line":200,"column":28},"end":{"line":200,"column":null}},"2":{"start":{"line":202,"column":2},"end":{"line":205,"column":null}},"3":{"start":{"line":203,"column":4},"end":{"line":203,"column":null}},"4":{"start":{"line":204,"column":4},"end":{"line":204,"column":null}},"5":{"start":{"line":207,"column":2},"end":{"line":210,"column":null}},"6":{"start":{"line":208,"column":4},"end":{"line":208,"column":null}},"7":{"start":{"line":209,"column":4},"end":{"line":209,"column":null}},"8":{"start":{"line":212,"column":2},"end":{"line":215,"column":null}},"9":{"start":{"line":213,"column":4},"end":{"line":213,"column":null}},"10":{"start":{"line":214,"column":4},"end":{"line":214,"column":null}},"11":{"start":{"line":217,"column":2},"end":{"line":217,"column":null}},"12":{"start":{"line":219,"column":2},"end":{"line":222,"column":null}},"13":{"start":{"line":220,"column":4},"end":{"line":220,"column":null}},"14":{"start":{"line":221,"column":4},"end":{"line":221,"column":null}},"15":{"start":{"line":224,"column":2},"end":{"line":227,"column":null}},"16":{"start":{"line":225,"column":4},"end":{"line":225,"column":null}},"17":{"start":{"line":226,"column":4},"end":{"line":226,"column":null}},"18":{"start":{"line":229,"column":17},"end":{"line":229,"column":null}},"19":{"start":{"line":230,"column":19},"end":{"line":230,"column":null}},"20":{"start":{"line":233,"column":2},"end":{"line":237,"column":null}},"21":{"start":{"line":234,"column":21},"end":{"line":234,"column":null}},"22":{"start":{"line":235,"column":5},"end":{"line":235,"column":null}},"23":{"start":{"line":236,"column":5},"end":{"line":236,"column":null}},"24":{"start":{"line":236,"column":63},"end":{"line":236,"column":74}},"25":{"start":{"line":239,"column":2},"end":{"line":239,"column":null}},"26":{"start":{"line":247,"column":14},"end":{"line":250,"column":null}},"27":{"start":{"line":252,"column":2},"end":{"line":252,"column":null}},"28":{"start":{"line":252,"column":12},"end":{"line":252,"column":null}},"29":{"start":{"line":254,"column":18},"end":{"line":254,"column":null}},"30":{"start":{"line":255,"column":19},"end":{"line":255,"column":null}},"31":{"start":{"line":257,"column":2},"end":{"line":261,"column":null}},"32":{"start":{"line":260,"column":41},"end":{"line":260,"column":52}},"33":{"start":{"line":268,"column":14},"end":{"line":271,"column":null}},"34":{"start":{"line":273,"column":2},"end":{"line":273,"column":null}},"35":{"start":{"line":273,"column":12},"end":{"line":273,"column":null}},"36":{"start":{"line":275,"column":18},"end":{"line":275,"column":null}},"37":{"start":{"line":276,"column":19},"end":{"line":276,"column":null}},"38":{"start":{"line":278,"column":2},"end":{"line":282,"column":null}},"39":{"start":{"line":281,"column":41},"end":{"line":281,"column":52}},"40":{"start":{"line":302,"column":13},"end":{"line":302,"column":null}},"41":{"start":{"line":303,"column":14},"end":{"line":303,"column":null}},"42":{"start":{"line":305,"column":2},"end":{"line":330,"column":null}},"43":{"start":{"line":332,"column":2},"end":{"line":332,"column":null}},"44":{"start":{"line":353,"column":28},"end":{"line":353,"column":null}},"45":{"start":{"line":354,"column":28},"end":{"line":354,"column":null}},"46":{"start":{"line":356,"column":2},"end":{"line":359,"column":null}},"47":{"start":{"line":357,"column":4},"end":{"line":357,"column":null}},"48":{"start":{"line":358,"column":4},"end":{"line":358,"column":null}},"49":{"start":{"line":360,"column":2},"end":{"line":363,"column":null}},"50":{"start":{"line":361,"column":4},"end":{"line":361,"column":null}},"51":{"start":{"line":362,"column":4},"end":{"line":362,"column":null}},"52":{"start":{"line":364,"column":2},"end":{"line":367,"column":null}},"53":{"start":{"line":365,"column":4},"end":{"line":365,"column":null}},"54":{"start":{"line":366,"column":4},"end":{"line":366,"column":null}},"55":{"start":{"line":368,"column":2},"end":{"line":371,"column":null}},"56":{"start":{"line":369,"column":4},"end":{"line":369,"column":null}},"57":{"start":{"line":370,"column":4},"end":{"line":370,"column":null}},"58":{"start":{"line":372,"column":2},"end":{"line":375,"column":null}},"59":{"start":{"line":373,"column":4},"end":{"line":373,"column":null}},"60":{"start":{"line":374,"column":4},"end":{"line":374,"column":null}},"61":{"start":{"line":376,"column":2},"end":{"line":379,"column":null}},"62":{"start":{"line":377,"column":4},"end":{"line":377,"column":null}},"63":{"start":{"line":378,"column":4},"end":{"line":378,"column":null}},"64":{"start":{"line":380,"column":2},"end":{"line":383,"column":null}},"65":{"start":{"line":381,"column":4},"end":{"line":381,"column":null}},"66":{"start":{"line":382,"column":4},"end":{"line":382,"column":null}},"67":{"start":{"line":384,"column":2},"end":{"line":387,"column":null}},"68":{"start":{"line":385,"column":4},"end":{"line":385,"column":null}},"69":{"start":{"line":386,"column":4},"end":{"line":386,"column":null}},"70":{"start":{"line":388,"column":2},"end":{"line":391,"column":null}},"71":{"start":{"line":389,"column":4},"end":{"line":389,"column":null}},"72":{"start":{"line":390,"column":4},"end":{"line":390,"column":null}},"73":{"start":{"line":392,"column":2},"end":{"line":395,"column":null}},"74":{"start":{"line":393,"column":4},"end":{"line":393,"column":null}},"75":{"start":{"line":394,"column":4},"end":{"line":394,"column":null}},"76":{"start":{"line":396,"column":2},"end":{"line":399,"column":null}},"77":{"start":{"line":397,"column":4},"end":{"line":397,"column":null}},"78":{"start":{"line":398,"column":4},"end":{"line":398,"column":null}},"79":{"start":{"line":400,"column":2},"end":{"line":403,"column":null}},"80":{"start":{"line":401,"column":4},"end":{"line":401,"column":null}},"81":{"start":{"line":402,"column":4},"end":{"line":402,"column":null}},"82":{"start":{"line":405,"column":2},"end":{"line":405,"column":null}},"83":{"start":{"line":405,"column":28},"end":{"line":405,"column":null}},"84":{"start":{"line":407,"column":2},"end":{"line":407,"column":null}},"85":{"start":{"line":408,"column":2},"end":{"line":408,"column":null}},"86":{"start":{"line":409,"column":2},"end":{"line":409,"column":null}},"87":{"start":{"line":411,"column":2},"end":{"line":414,"column":null}},"88":{"start":{"line":421,"column":2},"end":{"line":421,"column":null}},"89":{"start":{"line":432,"column":17},"end":{"line":435,"column":null}},"90":{"start":{"line":437,"column":2},"end":{"line":437,"column":null}},"91":{"start":{"line":444,"column":14},"end":{"line":447,"column":null}},"92":{"start":{"line":449,"column":2},"end":{"line":449,"column":null}},"93":{"start":{"line":476,"column":13},"end":{"line":476,"column":null}},"94":{"start":{"line":477,"column":14},"end":{"line":477,"column":null}},"95":{"start":{"line":479,"column":2},"end":{"line":514,"column":null}},"96":{"start":{"line":516,"column":2},"end":{"line":516,"column":null}},"97":{"start":{"line":542,"column":28},"end":{"line":542,"column":null}},"98":{"start":{"line":543,"column":28},"end":{"line":543,"column":null}},"99":{"start":{"line":545,"column":2},"end":{"line":548,"column":null}},"100":{"start":{"line":546,"column":4},"end":{"line":546,"column":null}},"101":{"start":{"line":547,"column":4},"end":{"line":547,"column":null}},"102":{"start":{"line":549,"column":2},"end":{"line":552,"column":null}},"103":{"start":{"line":550,"column":4},"end":{"line":550,"column":null}},"104":{"start":{"line":551,"column":4},"end":{"line":551,"column":null}},"105":{"start":{"line":553,"column":2},"end":{"line":556,"column":null}},"106":{"start":{"line":554,"column":4},"end":{"line":554,"column":null}},"107":{"start":{"line":555,"column":4},"end":{"line":555,"column":null}},"108":{"start":{"line":557,"column":2},"end":{"line":560,"column":null}},"109":{"start":{"line":558,"column":4},"end":{"line":558,"column":null}},"110":{"start":{"line":559,"column":4},"end":{"line":559,"column":null}},"111":{"start":{"line":561,"column":2},"end":{"line":564,"column":null}},"112":{"start":{"line":562,"column":4},"end":{"line":562,"column":null}},"113":{"start":{"line":563,"column":4},"end":{"line":563,"column":null}},"114":{"start":{"line
[...]
line":309},"18":{"loc":{"start":{"line":312,"column":4},"end":{"line":315,"column":null}},"type":"if","locations":[{"start":{"line":312,"column":4},"end":{"line":315,"column":null}},{"start":{},"end":{}}],"line":312},"19":{"loc":{"start":{"line":319,"column":9},"end":{"line":319,"column":null}},"type":"cond-expr","locations":[{"start":{"line":319,"column":18},"end":{"line":319,"column":29}},{"start":{"line":319,"column":29},"end":{"line":319,"column":null}}],"line":319},"20":{"loc":{"start":{"line":344,"column":3},"end":{"line":344,"column":null}},"type":"if","locations":[{"start":{"line":344,"column":3},"end":{"line":344,"column":null}},{"start":{},"end":{}}],"line":344},"21":{"loc":{"start":{"line":347,"column":3},"end":{"line":350,"column":null}},"type":"if","locations":[{"start":{"line":347,"column":3},"end":{"line":350,"column":null}},{"start":{},"end":{}}],"line":347},"22":{"loc":{"start":{"line":347,"column":7},"end":{"line":347,"column":56}},"type":"binary-expr","locations":[{"start":{"line":347,"column":7},"end":{"line":347,"column":26}},{"start":{"line":347,"column":26},"end":{"line":347,"column":56}}],"line":347},"23":{"loc":{"start":{"line":357,"column":3},"end":{"line":357,"column":null}},"type":"if","locations":[{"start":{"line":357,"column":3},"end":{"line":357,"column":null}},{"start":{},"end":{}}],"line":357},"24":{"loc":{"start":{"line":359,"column":3},"end":{"line":362,"column":null}},"type":"if","locations":[{"start":{"line":359,"column":3},"end":{"line":362,"column":null}},{"start":{},"end":{}}],"line":359},"25":{"loc":{"start":{"line":359,"column":7},"end":{"line":359,"column":56}},"type":"binary-expr","locations":[{"start":{"line":359,"column":7},"end":{"line":359,"column":26}},{"start":{"line":359,"column":26},"end":{"line":359,"column":56}}],"line":359},"26":{"loc":{"start":{"line":364,"column":42},"end":{"line":364,"column":65}},"type":"binary-expr","locations":[{"start":{"line":364,"column":42},"end":{"line":364,"column":60}},{"start":{"line":364,"column":60},"end":{"line":364,"column":65}}],"line":364},"27":{"loc":{"start":{"line":369,"column":3},"end":{"line":371,"column":null}},"type":"if","locations":[{"start":{"line":369,"column":3},"end":{"line":371,"column":null}},{"start":{},"end":{}}],"line":369},"28":{"loc":{"start":{"line":372,"column":3},"end":{"line":374,"column":null}},"type":"if","locations":[{"start":{"line":372,"column":3},"end":{"line":374,"column":null}},{"start":{},"end":{}}],"line":372},"29":{"loc":{"start":{"line":384,"column":18},"end":{"line":384,"column":null}},"type":"binary-expr","locations":[{"start":{"line":384,"column":18},"end":{"line":384,"column":37}},{"start":{"line":384,"column":37},"end":{"line":384,"column":null}}],"line":384},"30":{"loc":{"start":{"line":385,"column":17},"end":{"line":385,"column":null}},"type":"binary-expr","locations":[{"start":{"line":385,"column":17},"end":{"line":385,"column":35}},{"start":{"line":385,"column":35},"end":{"line":385,"column":null}}],"line":385},"31":{"loc":{"start":{"line":388,"column":4},"end":{"line":399,"column":null}},"type":"if","locations":[{"start":{"line":388,"column":4},"end":{"line":399,"column":null}},{"start":{},"end":{}}],"line":388},"32":{"loc":{"start":{"line":390,"column":5},"end":{"line":392,"column":null}},"type":"if","locations":[{"start":{"line":390,"column":5},"end":{"line":392,"column":null}},{"start":{},"end":{}}],"line":390},"33":{"loc":{"start":{"line":390,"column":9},"end":{"line":390,"column":58}},"type":"binary-expr","locations":[{"start":{"line":390,"column":9},"end":{"line":390,"column":28}},{"start":{"line":390,"column":28},"end":{"line":390,"column":58}}],"line":390},"34":{"loc":{"start":{"line":395,"column":18},"end":{"line":395,"column":null}},"type":"cond-expr","locations":[{"start":{"line":395,"column":36},"end":{"line":395,"column":73}},{"start":{"line":395,"column":73},"end":{"line":395,"column":null}}],"line":395},"35":{"loc":{"start":{"line":398,"column":5},"end":{"line":398,"column":null}},"type":"if","locations":[{"start":{"line":398,"column":5},"end":{"line":398,"column":null}},{"start":{},"end":{}}],"line":398},"36":{"loc":{"start":{"line":405,"column":12},"end":{"line":405,"column":null}},"type":"cond-expr","locations":[{"start":{"line":405,"column":35},"end":{"line":405,"column":51}},{"start":{"line":405,"column":51},"end":{"line":405,"column":null}}],"line":405},"37":{"loc":{"start":{"line":472,"column":3},"end":{"line":472,"column":null}},"type":"if","locations":[{"start":{"line":472,"column":3},"end":{"line":472,"column":null}},{"start":{},"end":{}}],"line":472},"38":{"loc":{"start":{"line":478,"column":3},"end":{"line":478,"column":null}},"type":"if","locations":[{"start":{"line":478,"column":3},"end":{"line":478,"column":null}},{"start":{},"end":{}}],"line":478},"39":{"loc":{"start":{"line":491,"column":3},"end":{"line":515,"column":null}},"type":"if","locations":[{"start":{"line":491,"column":3},"end":{"line":515,"column":null}},{"start":{"line":493,"column":3},"end":{"line":515,"column":null}}],"line":491},"40":{"loc":{"start":{"line":493,"column":3},"end":{"line":515,"column":null}},"type":"if","locations":[{"start":{"line":493,"column":3},"end":{"line":515,"column":null}},{"start":{"line":495,"column":3},"end":{"line":515,"column":null}}],"line":493},"41":{"loc":{"start":{"line":495,"column":3},"end":{"line":515,"column":null}},"type":"if","locations":[{"start":{"line":495,"column":3},"end":{"line":515,"column":null}},{"start":{"line":497,"column":10},"end":{"line":515,"column":null}}],"line":495},"42":{"loc":{"start":{"line":504,"column":5},"end":{"line":504,"column":null}},"type":"if","locations":[{"start":{"line":504,"column":5},"end":{"line":504,"column":null}},{"start":{},"end":{}}],"line":504},"43":{"loc":{"start":{"line":532,"column":16},"end":{"line":532,"column":null}},"type":"cond-expr","locations":[{"start":{"line":532,"column":37},"end":{"line":532,"column":43}},{"start":{"line":532,"column":43},"end":{"line":532,"column":null}}],"line":532},"44":{"loc":{"start":{"line":539,"column":18},"end":{"line":539,"column":null}},"type":"binary-expr","locations":[{"start":{"line":539,"column":18},"end":{"line":539,"column":37}},{"start":{"line":539,"column":37},"end":{"line":539,"column":null}}],"line":539},"45":{"loc":{"start":{"line":540,"column":17},"end":{"line":540,"column":null}},"type":"binary-expr","locations":[{"start":{"line":540,"column":17},"end":{"line":540,"column":35}},{"start":{"line":540,"column":35},"end":{"line":540,"column":null}}],"line":540},"46":{"loc":{"start":{"line":544,"column":4},"end":{"line":547,"column":null}},"type":"if","locations":[{"start":{"line":544,"column":4},"end":{"line":547,"column":null}},{"start":{},"end":{}}],"line":544},"47":{"loc":{"start":{"line":546,"column":5},"end":{"line":546,"column":null}},"type":"if","locations":[{"start":{"line":546,"column":5},"end":{"line":546,"column":null}},{"start":{},"end":{}}],"line":546},"48":{"loc":{"start":{"line":553,"column":12},"end":{"line":553,"column":null}},"type":"cond-expr","locations":[{"start":{"line":553,"column":37},"end":{"line":553,"column":53}},{"start":{"line":553,"column":53},"end":{"line":553,"column":null}}],"line":553},"49":{"loc":{"start":{"line":593,"column":2},"end":{"line":595,"column":null}},"type":"if","locations":[{"start":{"line":593,"column":2},"end":{"line":595,"column":null}},{"start":{},"end":{}}],"line":593}},"s":{"0":96,"1":96,"2":41,"3":41,"4":41,"5":41,"6":12,"7":12,"8":14,"9":14,"10":27,"11":0,"12":0,"13":0,"14":41,"15":96,"16":41,"17":2,"18":2,"19":3,"20":2,"21":0,"22":0,"23":2,"24":96,"25":2,"26":3,"27":3,"28":3,"29":3,"30":3,"31":3,"32":3,"33":3,"34":0,"35":0,"36":0,"37":0,"38":3,"39":2,"40":3,"41":44,"42":44,"43":44,"44":113,"45":44,"46":44,"47":44,"48":16,"49":44,"50":44,"51":18,"52":18,"53":18,"54":14,"55":18,"56":18,"57":2,"58":18,"59":26,"60":20,"61":20,"62":105,"63":20,"64":20,"65":105,"66":20,"67":20,"68":6,"69":3,"70":3,"71":3,"72":0,"73":3,"74":5,"75":3,"76":3,"77":5,"78":10,"79":5,"80":3,"81":3,"82":3,"83":3,"84":3,"85":3,"86":3,"87":3,"88":3,"89":3,"90":0,"91":0,"92":0,"93":3,"94":3,"95":3,"96":3,"97":3,"98":0,"99":17,"100":17,"101":17,"102":9,"103":9,"104":9,"105":9,"106":9,"107":9,"108":9,"109":1,"110":1,"111":9,"112":45,"113":45,"114":31,"115":31,"116":16,"117":15,"118":2,"119":2,"120":13,"121":0,"122":0,"123":0,"124":0,"125":0,"126":0,"127":0,"128":33,"129":33,"130":25,"131":33,"132":0,"133":33,"134":14,"135":2,"136":2,"137":2,"138":2,"139":8,"140":7,"141":0,"142":7,"143":7,"144":0,"145":2,"146":45,"147":49,"148":49,"149":16,"150":0,"151":49,"152":2,"153":2,"154":2,"155":0,"156":0,"157":0,"158":0,"159":49,"160":4,"161":4,"162":2,"163":2,"164":3,"165":3,"166":1,"167":2,"168":12,"169":12,"170":0,"171":0,"172":0,"173":0,"174":0,"175":0,"176":0,"177":0,"178":0,"179":0,"180":0,"181":0,"182":0,"183":0,"184":0,"185":0,"186":0,"187":0,"188":0,"189":0,"190":12,"191":12,"192":12,"193":12,"194":2,"195":2,"196":2,"197":0,"198":0,"199":0,"200":0,"201":0,"202":0,"203":0,"204":0,"205":0,"206":49,"207":24,"208":96,"209":2,"210":2,"211":2},"f":{"0":96,"1":41,"2":41,"3":12,"4":14,"5":27,"6":0,"7":0,"8":41,"9":2,"10":0,"11":0,"12":2,"13":2,"14":3,"15":3,"16":3,"17":3,"18":0,"19":0,"20":0,"21":3,"22":44,"23":113,"24":105,"25":5,"26":10,"27":17,"28":9,"29":45,"30":31,"31":0,"32":33,"33":14,"34":2,"35":49,"36":16,"37":0,"38":2,"39":2,"40":0,"41":0,"42":0,"43":0,"44":4,"45":3,"46":12,"47":0,"48":2,"49":0,"50":24,"51":96,"52":2},"b":{"0":[12,7],"1":[3,2],"2":[44,3],"3":[16,28],"4":[18,26],"5":[14,4],"6":[2,16],"7":[20,6],"8":[20,0],"9":[3,3],"10":[0,3],"11":[3,3],"12":[3,0],"13":[3,3],"14":[3,0],"15":[0,3],"16":[17],"17":[9,0],"18":[1,8],"19":[3,6],"20":[16,15],"21":[2,13],"22":[15,9],"23":[0,0],"24":[0,0],"25":[0,0],"26":[0,0],"27":[25,8],"28":[0,33],"29":[2,0],"30":[2,2],"31":[7,1],"32":[0,7],"33":[7,0],"34":[0,7],"35":[0,7],"36":[0,2],"37":[2,2],"38":[1,2],"39":[12,0],"40":[0,0],"41":[0,0],"42":[0,0],"43":[0,2],"44":[0,0],"45":[0,0],"46":[0,0],"47":[0,0],"48":[0,0],"49":[2,0]},"meta":{"lastBranch":50,"lastFunction":53,"lastStatement":212,"seen":{"f:31:16:31:81":0,"s:32:16:32:Infinity":0,"s:34:25:64:Infinity":1,"f:34:25:34:26":1,"s:35:31:35:Infinity":2,"s:37:20:61:Infinity":3,"f:38:9:38:13":2,"s:39:4:39:Infinity":4,"s:40:4:40:Infinity":5,"f:42:16:42:50":3,"s:43:19:43:Infinity":6,"s:44:4:44:Infinity":7,"b:44:12:44:39:44:39:44:Infinity":0,"f:46:14:46:105":4,"s:47:19:47:Infinity":8,"s:48:4:52:Infinity":9,"f:54:14:54:52":5,"s:55:4:55:Infinity":10,"f:57:14:57:26":6,"s:58:19:58:Infinity":11,"s:59:4:59:Infinity":12,"f:59:30:59:31":7,"s:59:39:59:67":13,"s:63:2:63:Infinity":14,"s:66:12:82:Infinity":15,"f:68:17:68:18":8,"s:68:34:68:54":16,"f:69:15:69:22":9,"s:70:38:70:Infinity":17,"s:71:3:73:Infinity":18,"s:72:4:72:Infinity":19,"s:74:3:74:Infinity":20,"f:76:14:76:21":10,"s:78:3:78:Infinity":21,"f:80:14:80:26":11,"s:80:26:80:44":22,"f:81:21:81:27":12,"s:81:27:81:54":23,"s:84:1:84:Infinity":24,"f:90:9:90:29":13,"s:91:25:121:Infinity":25,"f:91:25:91:26":14,"s:92:31:92:Infinity":26,"s:94:20:118:Infinity":27,"f:95:9:95:13":15,"s:96:4:96:Infinity":28,"s:97:4:97:Infinity":29,"f:99:16:99:50":16,"s:100:19:100:Infinity":30,"s:101:4:101:Infinity":31,"b:101:12:101:39:101:39:101:Infinity":1,"f:103:14:103:105":17,"s:104:19:104:Infinity":32,"s:105:4:109:Infinity":33,"f:111:14:111:52":18,"s:112:4:112:Infinity":34,"f:114:14:114:26":19,"s:115:19:115:Infinity":35,"s:116:4:116:Infinity":36,"f:116:30:116:31":20,"s:116:39:116:67":37,"s:120:2:120:Infinity":38,"s:123:1:125:Infinity":39,"f:124:17:124:18":21,"s:124:34:124:54":40,"f:132:9:132:Infinity":22,"s:137:23:137:Infinity":41,"s:138:18:138:Infinity":42,"s:139:22:139:Infinity":43,"f:139:22:139:28":23,"s:139:28:139:Infinity":44,"s:142:20:142:Infinity":45,"s:143:19:143:Infinity":46,"b:143:19:143:53:143:53:143:Infinity":2,"b:146:1:148:Infinity:undefined:undefined:undefined:undefined":3,"s:146:1:148:Infinity":47,"s:147:2:147:Infinity":48,"s:150:19:150:Infinity":49,"b:152:1:178:Infinity:undefined:undefined:undefined:undefined":4,"s:152:1:178:Infinity":50,"s:154:21:154:Infinity":51,"s:155:16:155:Infinity":52,"b:157:2:159:Infinity:undefined:undefined:undefined:undefined":5,"s:157:2:159:Infinity":53,"s:158:3:158:Infinity":54,"s:162:21:162:Infinity":55,"b:163:2:165:Infinity:undefined:undefined:undefined:undefined":6,"s:163:2:165:Infinity":56,"s:164:3:164:Infinity":57,"s:167:2:177:Infinity":58,"b:180:1:203:Infinity:undefined:undefined:undefined:undefined":7,"s:180:1:203:Infinity":59,"s:182:23:182:Infinity":60,"s:183:18:183:Infinity":61,"b:183:18:183:72:183:72:183:Infinity":8,"f:183:52:183:53":24,"s:183:59:183:67":62,"s:185:23:185:Infinity":63,"s:186:2:188:Infinity":64,"s:187:3:187:Infinity":65,"s:190:2:190:Infinity":66,"s:192:2:202:Infinity":67,"b:205:1:249:Infinity:undefined:undefined:undefined:undefined":9,"s:205:1:249:Infinity":68,"s:207:19:207:Infinity":69,"s:208:21:208:Infinity":70,"b:210:2:216:Infinity:undefined:undefined:undefined:undefined":10,"s:210:2:216:Infinity":71,"b:210:6:210:19:210:19:210:32":11,"s:211:3:215:Infinity":72,"s:219:21:219:Infinity":73,"f:219:48:219:49":25,"s:219:55:219:63":74,"s:220:43:220:Infinity":75,"s:221:2:224:Infinity":76,"s:222:17:222:Infinity":77,"f:222:39:222:40":26,"s:222:46:222:54":78,"s:223:3:223:Infinity":79,"s:227:16:227:Infinity":80,"s:228:21:228:Infinity":81,"s:230:2:236:Infinity":82,"b:232:3:235:Infinity:undefined:undefined:undefined:undefined":12,"s:232:3:235:Infinity":83,"b:232:7:232:43:232:43:232:66":13,"s:233:4:233:Infinity":84,"s:234:4:234:Infinity":85,"s:238:2:248:Infinity":86,"b:251:1:281:Infinity:undefined:undefined:undefined:undefined":14,"s:251:1:281:Infinity":87,"s:253:21:253:Infinity":88,"b:255:2:263:Infinity:undefined:undefined:undefined:undefined":15,"s:255:2:263:Infinity":89,"s:256:19:256:Infinity":90,"s:257:3:257:Infinity":91,"s:258:3:262:Infinity":92,"s:265:24:265:Infinity":93,"s:266:19:266:Infinity":94,"s:267:2:267:Infinity":95,"s:268:18:268:Infinity":96,"s:270:2:280:Infinity":97,"s:284:1:288:Infinity":98,"f:294:9:294:Infinity":27,"b:298:10:298:Infinity":16,"s:301:20:301:Infinity":99,"s:302:18:302:Infinity":100,"s:304:1:320:Infinity":101,"f:304:20:304:21":28,"s:305:16:305:Infinity":102,"s:307:2:317:Infinity":103,"s:308:17:308:Infinity":104,"b:309:3:316:Infinity:undefined:undefined:undefined:undefined":17,"s:309:3:316:Infinity":105,"s:310:16:310:Infinity":106,"s:311:18:311:Infinity":107,"b:312:4:315:Infinity:undefined:undefined:undefined:undefined":18,"s:312:4:315:Infinity":108,"s:313:5:313:Infinity":109,"s:314:5:314:Infinity":110,"s:319:2:319:Infinity":111,"b:319:18:319:29:319:29:319:Infinity":19,"f:336:16:336:79":29,"s:337:15:337:Infinity":112,"s:339:12:408:Infinity":113,"f:342:13:342:20":30,"s:343:17:343:Infinity":114,"b:344:3:344:Infinity:undefined:undefined:undefined:undefined":20,"s:344:3:344:Infinity":115,"s:344:15:344:Infinity":116,"b:347:3:350:Infinity:undefined:undefined:undefined:undefined":21,"s:347:3:350:Infinity":117,"b:347:7:347:26:347:26:347:56":22,"s:348:4:348:Infinity":118,"s:349:4:349:Infinity":119,"s:352:3:352:Infinity":120,"f:355:25:355:32":31,"s:356:17:356:Infinity":121,"b:357:3:357:Infinity:undefined:undefined:undefined:undefined":23,"s:357:3:357:Infinity":122,"s:357:15:357:Infinity":123,"b:359:3:362:Infinity:undefined:undefined:undefined:undefined":24,"s:359:3:362:Infinity":124,"b:359:7:359:26:359:26:359:56":25,"s:360:4:360:Infinity":125,"s:361:4:361:Infinity":126,"s:364:3:364:Infinity":127,"b:364:42:364:60:364:60:364:65":26,"f:367:13:367:20":32,"s:368:26:368:Infinity":128,"b:369:3:371:Infinity:undefined:undefined:undefined:undefined":27,"s:369:3:371:Infinity":129,"s:370:4:370:Infinity":130,"b:372:3:374:Infinity:undefined:undefined:undefined:undefined":28,"s:372:3:374:Infinity":131,"s:373:4:373:Infinity":132,"s:375:3:375:Infinity":133,"f:378:16:378:23":33,"s:379:3:379:Infinity":134,"f:382:14:382:21":34,"s:383:77:383:Infinity":135,"s:384:18:384:Infinity":136,"b:384:18:384:37:384:37:384:Infinity":29,"s:385:17:385:Infinity":137,"b:385:17:385:35:385:35:385:Infinity":30,"s:387:3:400:Infinity":138,"b:388:4:399:Infinity:undefined:undefined:undefined:undefined":31,"s:388:4:399:Infinity":139,"b:390:5:392:Infinity:undefined:undefined:undefined:undefined":32,"s:390:5:392:Infinity":140,"b:390:9:390:28:390:28:390:58":33,"s:391:6:391:Infinity":141,"s:393:5:397:Infinity":142,"b:395:36:395:73:395:73:395:Infinity":34,"b:398:5:398:Infinity:undefined:undefined:undefined:undefined":35,"s:398:5:398:Infinity":143,"s:398:31:398:Infinity":144,"s:402:3:406:Infinity":145,"b:405:35:405:51:405:51:405:Infinity":36,"s:410:1:410:Infinity":146,"f:432:16:432:78":35,"s:433:17:433:Infinity":147,"s:435:24:450:Infinity":148,"f:435:24:435:25":36,"s:435:68:450:Infinity":149,"f:446:11:446:18":37,"s:446:18:446:Infinity":150,"s:452:28:465:Infinity":151,"f:452:28:452:29":38,"s:452:76:465:Infinity":152,"f:455:3:455:9":39,"s:456:4:456:Infinity":153,"s:457:4:457:Infinity":154,"f:461:21:461:33":40,"s:461:33:461:43":155,"f:462:14:462:26":41,"s:462:26:462:62":156,"f:463:14:463:26":42,"s:463:26:463:74":157,"f:464:14:464:26":43,"s:464:26:464:48":158,"s:467:16:560:Infinity":159,"f:470:14:470:21":44,"s:471:17:471:Infinity":160,"b:472:3:472:Infinity:undefined:undefined:undefined:undefined":37,"s:472:3:472:Infinity":161,"s:472:15:472:Infinity":162,"s:473:3:473:Infinity":163,"f:476:13:476:20":45,"s:477:17:477:Infinity":164,"b:478:3:478:Infinity:undefined:undefined:undefined:undefined":38,"s:478:3:478:Infinity":165,"s:478:15:478:Infinity":166,"s:479:3:479:Infinity":167,"f:482:13:482:Infinity":46,"b:491:3:515:Infinity:493:3:515:Infinity":39,"s:491:3:515:Infinity":168,"s:492:4:492:Infinity":169,"b:493:3:515:Infinity:495:3:515:Infinity":40,"s:493:3:515:Infinity":170,"s:494:4:494:Infinity":171,"b:495:3:515:Infinity:497:10:515:Infinity":41,"s:495:3:515:Infinity":172,"s:496:4:496:Infinity":173,"s:499:19:499:Infinity":174,"s:500:33:500:Infinity":175,"s:501:15:501:Infinity":176,"s:502:4:506:Infinity":177,"s:503:44:503:Infinity":178,"b:504:5:504:Infinity:undefined:undefined:undefined:undefined":42,"s:504:5:504:Infinity":179,"s:504:16:504:Infinity":180,"s:505:5:505:Infinity":181,"s:507:24:507:Infinity":182,"f:507:38:507:39":47,"s:507:50:507:66":183,"s:508:19:508:Infinity":184,"s:509:17:509:Infinity":185,"s:510:4:513:Infinity":186,"s:511:5:511:Infinity":187,"s:512:5:512:Infinity":188,"s:514:4:514:Infinity":189,"s:517:16:517:Infinity":190,"s:518:26:525:Infinity":191,"s:527:3:527:Infinity":192,"s:528:3:528:Infinity":193,"f:531:16:531:23":48,"s:532:16:532:Infinity":194,"b:532:37:532:43:532:43:532:Infinity":43,"s:533:3:535:Infinity":195,"s:534:4:534:Infinity":196,"f:538:14:538:21":49,"s:539:18:539:Infinity":197,"b:539:18:539:37:539:37:539:Infinity":44,"s:540:17:540:Infinity":198,"b:540:17:540:35:540:35:540:Infinity":45,"s:541:30:541:Infinity":199,"s:543:3:548:Infinity":200,"b:544:4:547:Infinity:undefined:undefined:undefined:undefined":46,"s:544:4:547:Infinity":201,"s:545:5:545:Infinity":202,"b:546:5:546:Infinity:undefined:undefined:undefined:undefined":47,"s:546:5:546:Infinity":203,"s:546:33:546:Infinity":204,"s:550:3:555:Infinity":205,"b:553:37:553:53:553:53:553:Infinity":48,"s:562:1:562:Infinity":206,"f:572:16:572:Infinity":50,"s:577:1:577:Infinity":207,"f:583:16:583:28":51,"s:584:1:584:Infinity":208,"f:590:16:590:30":52,"s:592:1:596:Infinity":209,"b:593:2:595:Infinity:undefined:undefined:undefined:undefined":49,"s:593:2:595:Infinity":210,"s:594:3:594:Infinity":211}}}
,"/home/user/GroveEngine/packages/engine/src/lib/utils/cn.ts": {"path":"/home/user/GroveEngine/packages/engine/src/lib/utils/cn.ts","statementMap":{"0":{"start":{"line":18,"column":1},"end":{"line":18,"column":null}}},"fnMap":{"0":{"name":"cn","decl":{"start":{"line":17,"column":16},"end":{"line":17,"column":22}},"loc":{"start":{"line":17,"column":44},"end":{"line":19,"column":null}},"line":17}},"branchMap":{},"s":{"0":32},"f":{"0":32},"b":{},"meta":{"lastBranch":0,"lastFunction":1,"lastStatement":1,"seen":{"f:17:16:17:22":0,"s:18:1:18:Infinity":0}}}
}
